-- Logs begin at Tue 2021-03-30 12:50:33 CEST, end at Tue 2021-03-30 13:35:18 CEST. --
Mar 30 13:03:34 ubuntu-2gb-nbg1-3 systemd[1]: Started Scion Bittorent Tracker.
Mar 30 13:03:35 ubuntu-2gb-nbg1-3 scionbttracker[17414]: time="2021-03-30T13:03:35+02:00" level=debug msg="attempting to listen on - :443"
Mar 30 13:04:58 ubuntu-2gb-nbg1-3 scionbttracker[17414]: time="2021-03-30T13:04:58+02:00" level=debug msg="url: \"/?compact=1&downloaded=0&event=started&info_hash=%7Ck%B1a%8D%F8%7Do%FEZ8%EB7.%7BS%A5%1F%F9%E7&left=4300369920&peer_id=-GT0002-p%AB%D8%06rG%97%FB%F2%1E%A9x&port=8082&supportcrypto=1&uploaded=0\"; headers: \"http.Header{\"Accept-Encoding\":[]string{\"gzip\"}}\""
Mar 30 13:04:58 ubuntu-2gb-nbg1-3 scionbttracker[17414]: time="2021-03-30T13:04:58+02:00" level=debug msg="received peer event" event=started id=3ed3ef4e958d729086739327058468ca6b493acc
Mar 30 13:04:58 ubuntu-2gb-nbg1-3 scionbttracker[17414]: time="2021-03-30T13:04:58+02:00" level=debug msg="active peer" id=3ed3ef4e958d729086739327058468ca6b493acc
Mar 30 13:05:58 ubuntu-2gb-nbg1-3 scionbttracker[17414]: time="2021-03-30T13:05:58+02:00" level=debug msg="url: \"/?compact=1&downloaded=0&info_hash=%7Ck%B1a%8D%F8%7Do%FEZ8%EB7.%7BS%A5%1F%F9%E7&left=4300369920&peer_id=-GT0002-p%AB%D8%06rG%97%FB%F2%1E%A9x&port=8082&supportcrypto=1&uploaded=0\"; headers: \"http.Header{\"Accept-Encoding\":[]string{\"gzip\"}}\""
Mar 30 13:05:58 ubuntu-2gb-nbg1-3 scionbttracker[17414]: time="2021-03-30T13:05:58+02:00" level=debug msg="received peer event" event= id=3ed3ef4e958d729086739327058468ca6b493acc
Mar 30 13:05:58 ubuntu-2gb-nbg1-3 scionbttracker[17414]: time="2021-03-30T13:05:58+02:00" level=debug msg="active peer" id=3ed3ef4e958d729086739327058468ca6b493acc
Mar 30 13:06:21 ubuntu-2gb-nbg1-3 scionbttracker[17414]: time="2021-03-30T13:06:21+02:00" level=debug msg="url: \"/?compact=1&downloaded=0&info_hash=%7Ck%B1a%8D%F8%7Do%FEZ8%EB7.%7BS%A5%1F%F9%E7&left=0&peer_id=-GT0002-%9A%B5%87%99%18%7C%0D%B5%23%CAX%ED&port=8082&supportcrypto=1&uploaded=0\"; headers: \"http.Header{\"Accept-Encoding\":[]string{\"gzip\"}}\""
Mar 30 13:06:21 ubuntu-2gb-nbg1-3 scionbttracker[17414]: time="2021-03-30T13:06:21+02:00" level=debug msg="received peer event" event= id=ac7fe04484f18b80f3e06b7b151ec14de992995a
Mar 30 13:06:21 ubuntu-2gb-nbg1-3 scionbttracker[17414]: time="2021-03-30T13:06:21+02:00" level=debug msg="active peer" id=3ed3ef4e958d729086739327058468ca6b493acc
Mar 30 13:06:21 ubuntu-2gb-nbg1-3 scionbttracker[17414]: time="2021-03-30T13:06:21+02:00" level=debug msg="url: \"/?compact=1&downloaded=0&info_hash=%7Ck%B1a%8D%F8%7Do%FEZ8%EB7.%7BS%A5%1F%F9%E7&left=4300369920&peer_id=-GT0002-%F5D%E1%EA%B8%BFm%FD%9E%A6%F1%08&port=8082&supportcrypto=1&uploaded=0\"; headers: \"http.Header{\"Accept-Encoding\":[]string{\"gzip\"}}\""
Mar 30 13:06:21 ubuntu-2gb-nbg1-3 scionbttracker[17414]: time="2021-03-30T13:06:21+02:00" level=debug msg="received peer event" event= id=12a98600c7fad6c612bc913ff89ff5c8880f25a2
Mar 30 13:06:21 ubuntu-2gb-nbg1-3 scionbttracker[17414]: time="2021-03-30T13:06:21+02:00" level=debug msg="active peer" id=3ed3ef4e958d729086739327058468ca6b493acc
Mar 30 13:06:21 ubuntu-2gb-nbg1-3 scionbttracker[17414]: time="2021-03-30T13:06:21+02:00" level=debug msg="active peer" id=ac7fe04484f18b80f3e06b7b151ec14de992995a
Mar 30 13:06:21 ubuntu-2gb-nbg1-3 scionbttracker[17414]: time="2021-03-30T13:06:21+02:00" level=debug msg="active peer" id=12a98600c7fad6c612bc913ff89ff5c8880f25a2
Mar 30 13:06:58 ubuntu-2gb-nbg1-3 scionbttracker[17414]: time="2021-03-30T13:06:58+02:00" level=debug msg="url: \"/?compact=1&downloaded=44859392&info_hash=%7Ck%B1a%8D%F8%7Do%FEZ8%EB7.%7BS%A5%1F%F9%E7&left=4255510528&peer_id=-GT0002-p%AB%D8%06rG%97%FB%F2%1E%A9x&port=8082&supportcrypto=1&uploaded=15466496\"; headers: \"http.Header{\"Accept-Encoding\":[]string{\"gzip\"}}\""
Mar 30 13:06:58 ubuntu-2gb-nbg1-3 scionbttracker[17414]: time="2021-03-30T13:06:58+02:00" level=debug msg="received peer event" event= id=3ed3ef4e958d729086739327058468ca6b493acc
Mar 30 13:06:58 ubuntu-2gb-nbg1-3 scionbttracker[17414]: time="2021-03-30T13:06:58+02:00" level=debug msg="active peer" id=3ed3ef4e958d729086739327058468ca6b493acc
Mar 30 13:06:58 ubuntu-2gb-nbg1-3 scionbttracker[17414]: time="2021-03-30T13:06:58+02:00" level=debug msg="active peer" id=ac7fe04484f18b80f3e06b7b151ec14de992995a
Mar 30 13:06:58 ubuntu-2gb-nbg1-3 scionbttracker[17414]: time="2021-03-30T13:06:58+02:00" level=debug msg="active peer" id=12a98600c7fad6c612bc913ff89ff5c8880f25a2
Mar 30 13:07:22 ubuntu-2gb-nbg1-3 scionbttracker[17414]: time="2021-03-30T13:07:22+02:00" level=debug msg="url: \"/?compact=1&downloaded=330924032&info_hash=%7Ck%B1a%8D%F8%7Do%FEZ8%EB7.%7BS%A5%1F%F9%E7&left=3969527808&peer_id=-GT0002-%F5D%E1%EA%B8%BFm%FD%9E%A6%F1%08&port=8082&supportcrypto=1&uploaded=44793856\"; headers: \"http.Header{\"Accept-Encoding\":[]string{\"gzip\"}}\""
Mar 30 13:07:22 ubuntu-2gb-nbg1-3 scionbttracker[17414]: time="2021-03-30T13:07:22+02:00" level=debug msg="received peer event" event= id=12a98600c7fad6c612bc913ff89ff5c8880f25a2
Mar 30 13:07:22 ubuntu-2gb-nbg1-3 scionbttracker[17414]: time="2021-03-30T13:07:22+02:00" level=debug msg="active peer" id=3ed3ef4e958d729086739327058468ca6b493acc
Mar 30 13:07:22 ubuntu-2gb-nbg1-3 scionbttracker[17414]: time="2021-03-30T13:07:22+02:00" level=debug msg="active peer" id=ac7fe04484f18b80f3e06b7b151ec14de992995a
Mar 30 13:07:22 ubuntu-2gb-nbg1-3 scionbttracker[17414]: time="2021-03-30T13:07:22+02:00" level=debug msg="active peer" id=12a98600c7fad6c612bc913ff89ff5c8880f25a2
Mar 30 13:07:22 ubuntu-2gb-nbg1-3 scionbttracker[17414]: time="2021-03-30T13:07:22+02:00" level=debug msg="url: \"/?compact=1&downloaded=0&info_hash=%7Ck%B1a%8D%F8%7Do%FEZ8%EB7.%7BS%A5%1F%F9%E7&left=0&peer_id=-GT0002-%9A%B5%87%99%18%7C%0D%B5%23%CAX%ED&port=8082&supportcrypto=1&uploaded=346816512\"; headers: \"http.Header{\"Accept-Encoding\":[]string{\"gzip\"}}\""
Mar 30 13:07:22 ubuntu-2gb-nbg1-3 scionbttracker[17414]: time="2021-03-30T13:07:22+02:00" level=debug msg="received peer event" event= id=ac7fe04484f18b80f3e06b7b151ec14de992995a
Mar 30 13:07:22 ubuntu-2gb-nbg1-3 scionbttracker[17414]: time="2021-03-30T13:07:22+02:00" level=debug msg="active peer" id=3ed3ef4e958d729086739327058468ca6b493acc
Mar 30 13:07:22 ubuntu-2gb-nbg1-3 scionbttracker[17414]: time="2021-03-30T13:07:22+02:00" level=debug msg="active peer" id=12a98600c7fad6c612bc913ff89ff5c8880f25a2
Mar 30 13:07:58 ubuntu-2gb-nbg1-3 scionbttracker[17414]: time="2021-03-30T13:07:58+02:00" level=debug msg="url: \"/?compact=1&downloaded=150487040&info_hash=%7Ck%B1a%8D%F8%7Do%FEZ8%EB7.%7BS%A5%1F%F9%E7&left=4149882880&peer_id=-GT0002-p%AB%D8%06rG%97%FB%F2%1E%A9x&port=8082&supportcrypto=1&uploaded=48644096\"; headers: \"http.Header{\"Accept-Encoding\":[]string{\"gzip\"}}\""
Mar 30 13:07:58 ubuntu-2gb-nbg1-3 scionbttracker[17414]: time="2021-03-30T13:07:58+02:00" level=debug msg="received peer event" event= id=3ed3ef4e958d729086739327058468ca6b493acc
Mar 30 13:07:58 ubuntu-2gb-nbg1-3 scionbttracker[17414]: time="2021-03-30T13:07:58+02:00" level=debug msg="active peer" id=ac7fe04484f18b80f3e06b7b151ec14de992995a
Mar 30 13:07:58 ubuntu-2gb-nbg1-3 scionbttracker[17414]: time="2021-03-30T13:07:58+02:00" level=debug msg="active peer" id=12a98600c7fad6c612bc913ff89ff5c8880f25a2
Mar 30 13:07:58 ubuntu-2gb-nbg1-3 scionbttracker[17414]: time="2021-03-30T13:07:58+02:00" level=debug msg="active peer" id=3ed3ef4e958d729086739327058468ca6b493acc
Mar 30 13:08:23 ubuntu-2gb-nbg1-3 scionbttracker[17414]: time="2021-03-30T13:08:23+02:00" level=debug msg="url: \"/?compact=1&downloaded=657096704&info_hash=%7Ck%B1a%8D%F8%7Do%FEZ8%EB7.%7BS%A5%1F%F9%E7&left=3643437056&peer_id=-GT0002-%F5D%E1%EA%B8%BFm%FD%9E%A6%F1%08&port=8082&supportcrypto=1&uploaded=106725376\"; headers: \"http.Header{\"Accept-Encoding\":[]string{\"gzip\"}}\""
Mar 30 13:08:23 ubuntu-2gb-nbg1-3 scionbttracker[17414]: time="2021-03-30T13:08:23+02:00" level=debug msg="received peer event" event= id=12a98600c7fad6c612bc913ff89ff5c8880f25a2
Mar 30 13:08:23 ubuntu-2gb-nbg1-3 scionbttracker[17414]: time="2021-03-30T13:08:23+02:00" level=debug msg="active peer" id=3ed3ef4e958d729086739327058468ca6b493acc
Mar 30 13:08:23 ubuntu-2gb-nbg1-3 scionbttracker[17414]: time="2021-03-30T13:08:23+02:00" level=debug msg="active peer" id=ac7fe04484f18b80f3e06b7b151ec14de992995a
Mar 30 13:08:23 ubuntu-2gb-nbg1-3 scionbttracker[17414]: time="2021-03-30T13:08:23+02:00" level=debug msg="active peer" id=12a98600c7fad6c612bc913ff89ff5c8880f25a2
Mar 30 13:08:23 ubuntu-2gb-nbg1-3 scionbttracker[17414]: time="2021-03-30T13:08:23+02:00" level=debug msg="url: \"/?compact=1&downloaded=0&info_hash=%7Ck%B1a%8D%F8%7Do%FEZ8%EB7.%7BS%A5%1F%F9%E7&left=0&peer_id=-GT0002-%9A%B5%87%99%18%7C%0D%B5%23%CAX%ED&port=8082&supportcrypto=1&uploaded=693600256\"; headers: \"http.Header{\"Accept-Encoding\":[]string{\"gzip\"}}\""
Mar 30 13:08:23 ubuntu-2gb-nbg1-3 scionbttracker[17414]: time="2021-03-30T13:08:23+02:00" level=debug msg="received peer event" event= id=ac7fe04484f18b80f3e06b7b151ec14de992995a
Mar 30 13:08:23 ubuntu-2gb-nbg1-3 scionbttracker[17414]: time="2021-03-30T13:08:23+02:00" level=debug msg="active peer" id=3ed3ef4e958d729086739327058468ca6b493acc
Mar 30 13:08:23 ubuntu-2gb-nbg1-3 scionbttracker[17414]: time="2021-03-30T13:08:23+02:00" level=debug msg="active peer" id=12a98600c7fad6c612bc913ff89ff5c8880f25a2
Mar 30 13:08:58 ubuntu-2gb-nbg1-3 scionbttracker[17414]: time="2021-03-30T13:08:58+02:00" level=debug msg="url: \"/?compact=1&downloaded=278691840&info_hash=%7Ck%B1a%8D%F8%7Do%FEZ8%EB7.%7BS%A5%1F%F9%E7&left=4021678080&peer_id=-GT0002-p%AB%D8%06rG%97%FB%F2%1E%A9x&port=8082&supportcrypto=1&uploaded=85147648\"; headers: \"http.Header{\"Accept-Encoding\":[]string{\"gzip\"}}\""
Mar 30 13:08:58 ubuntu-2gb-nbg1-3 scionbttracker[17414]: time="2021-03-30T13:08:58+02:00" level=debug msg="received peer event" event= id=3ed3ef4e958d729086739327058468ca6b493acc
Mar 30 13:08:58 ubuntu-2gb-nbg1-3 scionbttracker[17414]: time="2021-03-30T13:08:58+02:00" level=debug msg="active peer" id=12a98600c7fad6c612bc913ff89ff5c8880f25a2
Mar 30 13:08:58 ubuntu-2gb-nbg1-3 scionbttracker[17414]: time="2021-03-30T13:08:58+02:00" level=debug msg="active peer" id=3ed3ef4e958d729086739327058468ca6b493acc
Mar 30 13:08:58 ubuntu-2gb-nbg1-3 scionbttracker[17414]: time="2021-03-30T13:08:58+02:00" level=debug msg="active peer" id=ac7fe04484f18b80f3e06b7b151ec14de992995a
Mar 30 13:09:24 ubuntu-2gb-nbg1-3 scionbttracker[17414]: time="2021-03-30T13:09:24+02:00" level=debug msg="url: \"/?compact=1&downloaded=957169664&info_hash=%7Ck%B1a%8D%F8%7Do%FEZ8%EB7.%7BS%A5%1F%F9%E7&left=3343527936&peer_id=-GT0002-%F5D%E1%EA%B8%BFm%FD%9E%A6%F1%08&port=8082&supportcrypto=1&uploaded=196968448\"; headers: \"http.Header{\"Accept-Encoding\":[]string{\"gzip\"}}\""
Mar 30 13:09:24 ubuntu-2gb-nbg1-3 scionbttracker[17414]: time="2021-03-30T13:09:24+02:00" level=debug msg="received peer event" event= id=12a98600c7fad6c612bc913ff89ff5c8880f25a2
Mar 30 13:09:24 ubuntu-2gb-nbg1-3 scionbttracker[17414]: time="2021-03-30T13:09:24+02:00" level=debug msg="active peer" id=3ed3ef4e958d729086739327058468ca6b493acc
Mar 30 13:09:24 ubuntu-2gb-nbg1-3 scionbttracker[17414]: time="2021-03-30T13:09:24+02:00" level=debug msg="active peer" id=ac7fe04484f18b80f3e06b7b151ec14de992995a
Mar 30 13:09:24 ubuntu-2gb-nbg1-3 scionbttracker[17414]: time="2021-03-30T13:09:24+02:00" level=debug msg="active peer" id=12a98600c7fad6c612bc913ff89ff5c8880f25a2
Mar 30 13:09:25 ubuntu-2gb-nbg1-3 scionbttracker[17414]: time="2021-03-30T13:09:25+02:00" level=debug msg="url: \"/?compact=1&downloaded=0&info_hash=%7Ck%B1a%8D%F8%7Do%FEZ8%EB7.%7BS%A5%1F%F9%E7&left=0&peer_id=-GT0002-%9A%B5%87%99%18%7C%0D%B5%23%CAX%ED&port=8082&supportcrypto=1&uploaded=1023705088\"; headers: \"http.Header{\"Accept-Encoding\":[]string{\"gzip\"}}\""
Mar 30 13:09:25 ubuntu-2gb-nbg1-3 scionbttracker[17414]: time="2021-03-30T13:09:25+02:00" level=debug msg="received peer event" event= id=ac7fe04484f18b80f3e06b7b151ec14de992995a
Mar 30 13:09:25 ubuntu-2gb-nbg1-3 scionbttracker[17414]: time="2021-03-30T13:09:25+02:00" level=debug msg="active peer" id=3ed3ef4e958d729086739327058468ca6b493acc
Mar 30 13:09:25 ubuntu-2gb-nbg1-3 scionbttracker[17414]: time="2021-03-30T13:09:25+02:00" level=debug msg="active peer" id=12a98600c7fad6c612bc913ff89ff5c8880f25a2
Mar 30 13:09:58 ubuntu-2gb-nbg1-3 scionbttracker[17414]: time="2021-03-30T13:09:58+02:00" level=debug msg="url: \"/?compact=1&downloaded=428949504&info_hash=%7Ck%B1a%8D%F8%7Do%FEZ8%EB7.%7BS%A5%1F%F9%E7&left=3871420416&peer_id=-GT0002-p%AB%D8%06rG%97%FB%F2%1E%A9x&port=8082&supportcrypto=1&uploaded=135856128\"; headers: \"http.Header{\"Accept-Encoding\":[]string{\"gzip\"}}\""
Mar 30 13:09:58 ubuntu-2gb-nbg1-3 scionbttracker[17414]: time="2021-03-30T13:09:58+02:00" level=debug msg="received peer event" event= id=3ed3ef4e958d729086739327058468ca6b493acc
Mar 30 13:09:58 ubuntu-2gb-nbg1-3 scionbttracker[17414]: time="2021-03-30T13:09:58+02:00" level=debug msg="active peer" id=3ed3ef4e958d729086739327058468ca6b493acc
Mar 30 13:09:58 ubuntu-2gb-nbg1-3 scionbttracker[17414]: time="2021-03-30T13:09:58+02:00" level=debug msg="active peer" id=ac7fe04484f18b80f3e06b7b151ec14de992995a
Mar 30 13:09:58 ubuntu-2gb-nbg1-3 scionbttracker[17414]: time="2021-03-30T13:09:58+02:00" level=debug msg="active peer" id=12a98600c7fad6c612bc913ff89ff5c8880f25a2
Mar 30 13:10:26 ubuntu-2gb-nbg1-3 scionbttracker[17414]: time="2021-03-30T13:10:26+02:00" level=debug msg="url: \"/?compact=1&downloaded=1252917248&info_hash=%7Ck%B1a%8D%F8%7Do%FEZ8%EB7.%7BS%A5%1F%F9%E7&left=3047895040&peer_id=-GT0002-%F5D%E1%EA%B8%BFm%FD%9E%A6%F1%08&port=8082&supportcrypto=1&uploaded=291930112\"; headers: \"http.Header{\"Accept-Encoding\":[]string{\"gzip\"}}\""
Mar 30 13:10:26 ubuntu-2gb-nbg1-3 scionbttracker[17414]: time="2021-03-30T13:10:26+02:00" level=debug msg="received peer event" event= id=12a98600c7fad6c612bc913ff89ff5c8880f25a2
Mar 30 13:10:26 ubuntu-2gb-nbg1-3 scionbttracker[17414]: time="2021-03-30T13:10:26+02:00" level=debug msg="active peer" id=3ed3ef4e958d729086739327058468ca6b493acc
Mar 30 13:10:26 ubuntu-2gb-nbg1-3 scionbttracker[17414]: time="2021-03-30T13:10:26+02:00" level=debug msg="active peer" id=ac7fe04484f18b80f3e06b7b151ec14de992995a
Mar 30 13:10:26 ubuntu-2gb-nbg1-3 scionbttracker[17414]: time="2021-03-30T13:10:26+02:00" level=debug msg="active peer" id=12a98600c7fad6c612bc913ff89ff5c8880f25a2
Mar 30 13:10:27 ubuntu-2gb-nbg1-3 scionbttracker[17414]: time="2021-03-30T13:10:27+02:00" level=debug msg="url: \"/?compact=1&downloaded=0&info_hash=%7Ck%B1a%8D%F8%7Do%FEZ8%EB7.%7BS%A5%1F%F9%E7&left=0&peer_id=-GT0002-%9A%B5%87%99%18%7C%0D%B5%23%CAX%ED&port=8082&supportcrypto=1&uploaded=1342210048\"; headers: \"http.Header{\"Accept-Encoding\":[]string{\"gzip\"}}\""
Mar 30 13:10:27 ubuntu-2gb-nbg1-3 scionbttracker[17414]: time="2021-03-30T13:10:27+02:00" level=debug msg="received peer event" event= id=ac7fe04484f18b80f3e06b7b151ec14de992995a
Mar 30 13:10:27 ubuntu-2gb-nbg1-3 scionbttracker[17414]: time="2021-03-30T13:10:27+02:00" level=debug msg="active peer" id=3ed3ef4e958d729086739327058468ca6b493acc
Mar 30 13:10:27 ubuntu-2gb-nbg1-3 scionbttracker[17414]: time="2021-03-30T13:10:27+02:00" level=debug msg="active peer" id=12a98600c7fad6c612bc913ff89ff5c8880f25a2
Mar 30 13:10:59 ubuntu-2gb-nbg1-3 scionbttracker[17414]: time="2021-03-30T13:10:59+02:00" level=debug msg="url: \"/?compact=1&downloaded=582172672&info_hash=%7Ck%B1a%8D%F8%7Do%FEZ8%EB7.%7BS%A5%1F%F9%E7&left=3718197248&peer_id=-GT0002-p%AB%D8%06rG%97%FB%F2%1E%A9x&port=8082&supportcrypto=1&uploaded=176979968\"; headers: \"http.Header{\"Accept-Encoding\":[]string{\"gzip\"}}\""
Mar 30 13:10:59 ubuntu-2gb-nbg1-3 scionbttracker[17414]: time="2021-03-30T13:10:59+02:00" level=debug msg="received peer event" event= id=3ed3ef4e958d729086739327058468ca6b493acc
Mar 30 13:10:59 ubuntu-2gb-nbg1-3 scionbttracker[17414]: time="2021-03-30T13:10:59+02:00" level=debug msg="active peer" id=3ed3ef4e958d729086739327058468ca6b493acc
Mar 30 13:10:59 ubuntu-2gb-nbg1-3 scionbttracker[17414]: time="2021-03-30T13:10:59+02:00" level=debug msg="active peer" id=ac7fe04484f18b80f3e06b7b151ec14de992995a
Mar 30 13:10:59 ubuntu-2gb-nbg1-3 scionbttracker[17414]: time="2021-03-30T13:10:59+02:00" level=debug msg="active peer" id=12a98600c7fad6c612bc913ff89ff5c8880f25a2
Mar 30 13:11:27 ubuntu-2gb-nbg1-3 scionbttracker[17414]: time="2021-03-30T13:11:27+02:00" level=debug msg="url: \"/?compact=1&downloaded=1548271616&info_hash=%7Ck%B1a%8D%F8%7Do%FEZ8%EB7.%7BS%A5%1F%F9%E7&left=2752770048&peer_id=-GT0002-%F5D%E1%EA%B8%BFm%FD%9E%A6%F1%08&port=8082&supportcrypto=1&uploaded=392265728\"; headers: \"http.Header{\"Accept-Encoding\":[]string{\"gzip\"}}\""
Mar 30 13:11:27 ubuntu-2gb-nbg1-3 scionbttracker[17414]: time="2021-03-30T13:11:27+02:00" level=debug msg="received peer event" event= id=12a98600c7fad6c612bc913ff89ff5c8880f25a2
Mar 30 13:11:27 ubuntu-2gb-nbg1-3 scionbttracker[17414]: time="2021-03-30T13:11:27+02:00" level=debug msg="active peer" id=3ed3ef4e958d729086739327058468ca6b493acc
Mar 30 13:11:27 ubuntu-2gb-nbg1-3 scionbttracker[17414]: time="2021-03-30T13:11:27+02:00" level=debug msg="active peer" id=ac7fe04484f18b80f3e06b7b151ec14de992995a
Mar 30 13:11:27 ubuntu-2gb-nbg1-3 scionbttracker[17414]: time="2021-03-30T13:11:27+02:00" level=debug msg="active peer" id=12a98600c7fad6c612bc913ff89ff5c8880f25a2
Mar 30 13:11:32 ubuntu-2gb-nbg1-3 scionbttracker[17414]: time="2021-03-30T13:11:32+02:00" level=debug msg="url: \"/?compact=1&downloaded=0&info_hash=%7Ck%B1a%8D%F8%7Do%FEZ8%EB7.%7BS%A5%1F%F9%E7&left=0&peer_id=-GT0002-%9A%B5%87%99%18%7C%0D%B5%23%CAX%ED&port=8082&supportcrypto=1&uploaded=1668972544\"; headers: \"http.Header{\"Accept-Encoding\":[]string{\"gzip\"}}\""
Mar 30 13:11:32 ubuntu-2gb-nbg1-3 scionbttracker[17414]: time="2021-03-30T13:11:32+02:00" level=debug msg="received peer event" event= id=ac7fe04484f18b80f3e06b7b151ec14de992995a
Mar 30 13:11:32 ubuntu-2gb-nbg1-3 scionbttracker[17414]: time="2021-03-30T13:11:32+02:00" level=debug msg="active peer" id=3ed3ef4e958d729086739327058468ca6b493acc
Mar 30 13:11:32 ubuntu-2gb-nbg1-3 scionbttracker[17414]: time="2021-03-30T13:11:32+02:00" level=debug msg="active peer" id=12a98600c7fad6c612bc913ff89ff5c8880f25a2
Mar 30 13:11:59 ubuntu-2gb-nbg1-3 scionbttracker[17414]: time="2021-03-30T13:11:59+02:00" level=debug msg="url: \"/?compact=1&downloaded=730578944&info_hash=%7Ck%B1a%8D%F8%7Do%FEZ8%EB7.%7BS%A5%1F%F9%E7&left=3570053120&peer_id=-GT0002-p%AB%D8%06rG%97%FB%F2%1E%A9x&port=8082&supportcrypto=1&uploaded=226738176\"; headers: \"http.Header{\"Accept-Encoding\":[]string{\"gzip\"}}\""
Mar 30 13:11:59 ubuntu-2gb-nbg1-3 scionbttracker[17414]: time="2021-03-30T13:11:59+02:00" level=debug msg="received peer event" event= id=3ed3ef4e958d729086739327058468ca6b493acc
Mar 30 13:11:59 ubuntu-2gb-nbg1-3 scionbttracker[17414]: time="2021-03-30T13:11:59+02:00" level=debug msg="active peer" id=3ed3ef4e958d729086739327058468ca6b493acc
Mar 30 13:11:59 ubuntu-2gb-nbg1-3 scionbttracker[17414]: time="2021-03-30T13:11:59+02:00" level=debug msg="active peer" id=ac7fe04484f18b80f3e06b7b151ec14de992995a
Mar 30 13:11:59 ubuntu-2gb-nbg1-3 scionbttracker[17414]: time="2021-03-30T13:11:59+02:00" level=debug msg="active peer" id=12a98600c7fad6c612bc913ff89ff5c8880f25a2
Mar 30 13:12:32 ubuntu-2gb-nbg1-3 scionbttracker[17414]: time="2021-03-30T13:12:32+02:00" level=debug msg="url: \"/?compact=1&downloaded=1837809664&info_hash=%7Ck%B1a%8D%F8%7Do%FEZ8%EB7.%7BS%A5%1F%F9%E7&left=2463461376&peer_id=-GT0002-%F5D%E1%EA%B8%BFm%FD%9E%A6%F1%08&port=8082&supportcrypto=1&uploaded=490373120\"; headers: \"http.Header{\"Accept-Encoding\":[]string{\"gzip\"}}\""
Mar 30 13:12:32 ubuntu-2gb-nbg1-3 scionbttracker[17414]: time="2021-03-30T13:12:32+02:00" level=debug msg="received peer event" event= id=12a98600c7fad6c612bc913ff89ff5c8880f25a2
Mar 30 13:12:32 ubuntu-2gb-nbg1-3 scionbttracker[17414]: time="2021-03-30T13:12:32+02:00" level=debug msg="active peer" id=3ed3ef4e958d729086739327058468ca6b493acc
Mar 30 13:12:32 ubuntu-2gb-nbg1-3 scionbttracker[17414]: time="2021-03-30T13:12:32+02:00" level=debug msg="active peer" id=ac7fe04484f18b80f3e06b7b151ec14de992995a
Mar 30 13:12:32 ubuntu-2gb-nbg1-3 scionbttracker[17414]: time="2021-03-30T13:12:32+02:00" level=debug msg="active peer" id=12a98600c7fad6c612bc913ff89ff5c8880f25a2
Mar 30 13:12:34 ubuntu-2gb-nbg1-3 scionbttracker[17414]: time="2021-03-30T13:12:34+02:00" level=debug msg="url: \"/?compact=1&downloaded=0&info_hash=%7Ck%B1a%8D%F8%7Do%FEZ8%EB7.%7BS%A5%1F%F9%E7&left=0&peer_id=-GT0002-%9A%B5%87%99%18%7C%0D%B5%23%CAX%ED&port=8082&supportcrypto=1&uploaded=2000846848\"; headers: \"http.Header{\"Accept-Encoding\":[]string{\"gzip\"}}\""
Mar 30 13:12:34 ubuntu-2gb-nbg1-3 scionbttracker[17414]: time="2021-03-30T13:12:34+02:00" level=debug msg="received peer event" event= id=ac7fe04484f18b80f3e06b7b151ec14de992995a
Mar 30 13:12:34 ubuntu-2gb-nbg1-3 scionbttracker[17414]: time="2021-03-30T13:12:34+02:00" level=debug msg="active peer" id=12a98600c7fad6c612bc913ff89ff5c8880f25a2
Mar 30 13:12:34 ubuntu-2gb-nbg1-3 scionbttracker[17414]: time="2021-03-30T13:12:34+02:00" level=debug msg="active peer" id=3ed3ef4e958d729086739327058468ca6b493acc
Mar 30 13:12:59 ubuntu-2gb-nbg1-3 scionbttracker[17414]: time="2021-03-30T13:12:59+02:00" level=debug msg="url: \"/?compact=1&downloaded=887193600&info_hash=%7Ck%B1a%8D%F8%7Do%FEZ8%EB7.%7BS%A5%1F%F9%E7&left=3413176320&peer_id=-GT0002-p%AB%D8%06rG%97%FB%F2%1E%A9x&port=8082&supportcrypto=1&uploaded=267747328\"; headers: \"http.Header{\"Accept-Encoding\":[]string{\"gzip\"}}\""
Mar 30 13:12:59 ubuntu-2gb-nbg1-3 scionbttracker[17414]: time="2021-03-30T13:12:59+02:00" level=debug msg="received peer event" event= id=3ed3ef4e958d729086739327058468ca6b493acc
Mar 30 13:12:59 ubuntu-2gb-nbg1-3 scionbttracker[17414]: time="2021-03-30T13:12:59+02:00" level=debug msg="active peer" id=3ed3ef4e958d729086739327058468ca6b493acc
Mar 30 13:12:59 ubuntu-2gb-nbg1-3 scionbttracker[17414]: time="2021-03-30T13:12:59+02:00" level=debug msg="active peer" id=ac7fe04484f18b80f3e06b7b151ec14de992995a
Mar 30 13:12:59 ubuntu-2gb-nbg1-3 scionbttracker[17414]: time="2021-03-30T13:12:59+02:00" level=debug msg="active peer" id=12a98600c7fad6c612bc913ff89ff5c8880f25a2
Mar 30 13:13:33 ubuntu-2gb-nbg1-3 scionbttracker[17414]: time="2021-03-30T13:13:33+02:00" level=debug msg="url: \"/?compact=1&downloaded=2122334208&info_hash=%7Ck%B1a%8D%F8%7Do%FEZ8%EB7.%7BS%A5%1F%F9%E7&left=2179133440&peer_id=-GT0002-%F5D%E1%EA%B8%BFm%FD%9E%A6%F1%08&port=8082&supportcrypto=1&uploaded=601391104\"; headers: \"http.Header{\"Accept-Encoding\":[]string{\"gzip\"}}\""
Mar 30 13:13:33 ubuntu-2gb-nbg1-3 scionbttracker[17414]: time="2021-03-30T13:13:33+02:00" level=debug msg="received peer event" event= id=12a98600c7fad6c612bc913ff89ff5c8880f25a2
Mar 30 13:13:33 ubuntu-2gb-nbg1-3 scionbttracker[17414]: time="2021-03-30T13:13:33+02:00" level=debug msg="active peer" id=3ed3ef4e958d729086739327058468ca6b493acc
Mar 30 13:13:33 ubuntu-2gb-nbg1-3 scionbttracker[17414]: time="2021-03-30T13:13:33+02:00" level=debug msg="active peer" id=ac7fe04484f18b80f3e06b7b151ec14de992995a
Mar 30 13:13:33 ubuntu-2gb-nbg1-3 scionbttracker[17414]: time="2021-03-30T13:13:33+02:00" level=debug msg="active peer" id=12a98600c7fad6c612bc913ff89ff5c8880f25a2
Mar 30 13:13:36 ubuntu-2gb-nbg1-3 scionbttracker[17414]: time="2021-03-30T13:13:36+02:00" level=debug msg="url: \"/?compact=1&downloaded=0&info_hash=%7Ck%B1a%8D%F8%7Do%FEZ8%EB7.%7BS%A5%1F%F9%E7&left=0&peer_id=-GT0002-%9A%B5%87%99%18%7C%0D%B5%23%CAX%ED&port=8082&supportcrypto=1&uploaded=2309062656\"; headers: \"http.Header{\"Accept-Encoding\":[]string{\"gzip\"}}\""
Mar 30 13:13:36 ubuntu-2gb-nbg1-3 scionbttracker[17414]: time="2021-03-30T13:13:36+02:00" level=debug msg="received peer event" event= id=ac7fe04484f18b80f3e06b7b151ec14de992995a
Mar 30 13:13:36 ubuntu-2gb-nbg1-3 scionbttracker[17414]: time="2021-03-30T13:13:36+02:00" level=debug msg="active peer" id=12a98600c7fad6c612bc913ff89ff5c8880f25a2
Mar 30 13:13:36 ubuntu-2gb-nbg1-3 scionbttracker[17414]: time="2021-03-30T13:13:36+02:00" level=debug msg="active peer" id=3ed3ef4e958d729086739327058468ca6b493acc
Mar 30 13:13:59 ubuntu-2gb-nbg1-3 scionbttracker[17414]: time="2021-03-30T13:13:59+02:00" level=debug msg="url: \"/?compact=1&downloaded=1050329088&info_hash=%7Ck%B1a%8D%F8%7Do%FEZ8%EB7.%7BS%A5%1F%F9%E7&left=3250040832&peer_id=-GT0002-p%AB%D8%06rG%97%FB%F2%1E%A9x&port=8082&supportcrypto=1&uploaded=319684608\"; headers: \"http.Header{\"Accept-Encoding\":[]string{\"gzip\"}}\""
Mar 30 13:13:59 ubuntu-2gb-nbg1-3 scionbttracker[17414]: time="2021-03-30T13:13:59+02:00" level=debug msg="received peer event" event= id=3ed3ef4e958d729086739327058468ca6b493acc
Mar 30 13:13:59 ubuntu-2gb-nbg1-3 scionbttracker[17414]: time="2021-03-30T13:13:59+02:00" level=debug msg="active peer" id=ac7fe04484f18b80f3e06b7b151ec14de992995a
Mar 30 13:13:59 ubuntu-2gb-nbg1-3 scionbttracker[17414]: time="2021-03-30T13:13:59+02:00" level=debug msg="active peer" id=12a98600c7fad6c612bc913ff89ff5c8880f25a2
Mar 30 13:13:59 ubuntu-2gb-nbg1-3 scionbttracker[17414]: time="2021-03-30T13:13:59+02:00" level=debug msg="active peer" id=3ed3ef4e958d729086739327058468ca6b493acc
Mar 30 13:14:34 ubuntu-2gb-nbg1-3 scionbttracker[17414]: time="2021-03-30T13:14:34+02:00" level=debug msg="url: \"/?compact=1&downloaded=2384740352&info_hash=%7Ck%B1a%8D%F8%7Do%FEZ8%EB7.%7BS%A5%1F%F9%E7&left=1916858368&peer_id=-GT0002-%F5D%E1%EA%B8%BFm%FD%9E%A6%F1%08&port=8082&supportcrypto=1&uploaded=705724416\"; headers: \"http.Header{\"Accept-Encoding\":[]string{\"gzip\"}}\""
Mar 30 13:14:34 ubuntu-2gb-nbg1-3 scionbttracker[17414]: time="2021-03-30T13:14:34+02:00" level=debug msg="received peer event" event= id=12a98600c7fad6c612bc913ff89ff5c8880f25a2
Mar 30 13:14:34 ubuntu-2gb-nbg1-3 scionbttracker[17414]: time="2021-03-30T13:14:34+02:00" level=debug msg="active peer" id=3ed3ef4e958d729086739327058468ca6b493acc
Mar 30 13:14:34 ubuntu-2gb-nbg1-3 scionbttracker[17414]: time="2021-03-30T13:14:34+02:00" level=debug msg="active peer" id=ac7fe04484f18b80f3e06b7b151ec14de992995a
Mar 30 13:14:34 ubuntu-2gb-nbg1-3 scionbttracker[17414]: time="2021-03-30T13:14:34+02:00" level=debug msg="active peer" id=12a98600c7fad6c612bc913ff89ff5c8880f25a2
Mar 30 13:14:38 ubuntu-2gb-nbg1-3 scionbttracker[17414]: time="2021-03-30T13:14:38+02:00" level=debug msg="url: \"/?compact=1&downloaded=0&info_hash=%7Ck%B1a%8D%F8%7Do%FEZ8%EB7.%7BS%A5%1F%F9%E7&left=0&peer_id=-GT0002-%9A%B5%87%99%18%7C%0D%B5%23%CAX%ED&port=8082&supportcrypto=1&uploaded=2614509568\"; headers: \"http.Header{\"Accept-Encoding\":[]string{\"gzip\"}}\""
Mar 30 13:14:38 ubuntu-2gb-nbg1-3 scionbttracker[17414]: time="2021-03-30T13:14:38+02:00" level=debug msg="received peer event" event= id=ac7fe04484f18b80f3e06b7b151ec14de992995a
Mar 30 13:14:38 ubuntu-2gb-nbg1-3 scionbttracker[17414]: time="2021-03-30T13:14:38+02:00" level=debug msg="active peer" id=3ed3ef4e958d729086739327058468ca6b493acc
Mar 30 13:14:38 ubuntu-2gb-nbg1-3 scionbttracker[17414]: time="2021-03-30T13:14:38+02:00" level=debug msg="active peer" id=12a98600c7fad6c612bc913ff89ff5c8880f25a2
Mar 30 13:14:59 ubuntu-2gb-nbg1-3 scionbttracker[17414]: time="2021-03-30T13:14:59+02:00" level=debug msg="url: \"/?compact=1&downloaded=1218543616&info_hash=%7Ck%B1a%8D%F8%7Do%FEZ8%EB7.%7BS%A5%1F%F9%E7&left=3081826304&peer_id=-GT0002-p%AB%D8%06rG%97%FB%F2%1E%A9x&port=8082&supportcrypto=1&uploaded=362987520\"; headers: \"http.Header{\"Accept-Encoding\":[]string{\"gzip\"}}\""
Mar 30 13:14:59 ubuntu-2gb-nbg1-3 scionbttracker[17414]: time="2021-03-30T13:14:59+02:00" level=debug msg="received peer event" event= id=3ed3ef4e958d729086739327058468ca6b493acc
Mar 30 13:14:59 ubuntu-2gb-nbg1-3 scionbttracker[17414]: time="2021-03-30T13:14:59+02:00" level=debug msg="active peer" id=ac7fe04484f18b80f3e06b7b151ec14de992995a
Mar 30 13:14:59 ubuntu-2gb-nbg1-3 scionbttracker[17414]: time="2021-03-30T13:14:59+02:00" level=debug msg="active peer" id=12a98600c7fad6c612bc913ff89ff5c8880f25a2
Mar 30 13:14:59 ubuntu-2gb-nbg1-3 scionbttracker[17414]: time="2021-03-30T13:14:59+02:00" level=debug msg="active peer" id=3ed3ef4e958d729086739327058468ca6b493acc
Mar 30 13:15:35 ubuntu-2gb-nbg1-3 scionbttracker[17414]: time="2021-03-30T13:15:35+02:00" level=debug msg="url: \"/?compact=1&downloaded=2638807040&info_hash=%7Ck%B1a%8D%F8%7Do%FEZ8%EB7.%7BS%A5%1F%F9%E7&left=1662971904&peer_id=-GT0002-%F5D%E1%EA%B8%BFm%FD%9E%A6%F1%08&port=8082&supportcrypto=1&uploaded=814546944\"; headers: \"http.Header{\"Accept-Encoding\":[]string{\"gzip\"}}\""
Mar 30 13:15:35 ubuntu-2gb-nbg1-3 scionbttracker[17414]: time="2021-03-30T13:15:35+02:00" level=debug msg="received peer event" event= id=12a98600c7fad6c612bc913ff89ff5c8880f25a2
Mar 30 13:15:35 ubuntu-2gb-nbg1-3 scionbttracker[17414]: time="2021-03-30T13:15:35+02:00" level=debug msg="active peer" id=3ed3ef4e958d729086739327058468ca6b493acc
Mar 30 13:15:35 ubuntu-2gb-nbg1-3 scionbttracker[17414]: time="2021-03-30T13:15:35+02:00" level=debug msg="active peer" id=ac7fe04484f18b80f3e06b7b151ec14de992995a
Mar 30 13:15:35 ubuntu-2gb-nbg1-3 scionbttracker[17414]: time="2021-03-30T13:15:35+02:00" level=debug msg="active peer" id=12a98600c7fad6c612bc913ff89ff5c8880f25a2
Mar 30 13:15:43 ubuntu-2gb-nbg1-3 scionbttracker[17414]: time="2021-03-30T13:15:43+02:00" level=debug msg="url: \"/?compact=1&downloaded=0&info_hash=%7Ck%B1a%8D%F8%7Do%FEZ8%EB7.%7BS%A5%1F%F9%E7&left=0&peer_id=-GT0002-%9A%B5%87%99%18%7C%0D%B5%23%CAX%ED&port=8082&supportcrypto=1&uploaded=2906816512\"; headers: \"http.Header{\"Accept-Encoding\":[]string{\"gzip\"}}\""
Mar 30 13:15:43 ubuntu-2gb-nbg1-3 scionbttracker[17414]: time="2021-03-30T13:15:43+02:00" level=debug msg="received peer event" event= id=ac7fe04484f18b80f3e06b7b151ec14de992995a
Mar 30 13:15:43 ubuntu-2gb-nbg1-3 scionbttracker[17414]: time="2021-03-30T13:15:43+02:00" level=debug msg="active peer" id=3ed3ef4e958d729086739327058468ca6b493acc
Mar 30 13:15:43 ubuntu-2gb-nbg1-3 scionbttracker[17414]: time="2021-03-30T13:15:43+02:00" level=debug msg="active peer" id=12a98600c7fad6c612bc913ff89ff5c8880f25a2
Mar 30 13:15:59 ubuntu-2gb-nbg1-3 scionbttracker[17414]: time="2021-03-30T13:15:59+02:00" level=debug msg="url: \"/?compact=1&downloaded=1379303424&info_hash=%7Ck%B1a%8D%F8%7Do%FEZ8%EB7.%7BS%A5%1F%F9%E7&left=2921066496&peer_id=-GT0002-p%AB%D8%06rG%97%FB%F2%1E%A9x&port=8082&supportcrypto=1&uploaded=412778496\"; headers: \"http.Header{\"Accept-Encoding\":[]string{\"gzip\"}}\""
Mar 30 13:15:59 ubuntu-2gb-nbg1-3 scionbttracker[17414]: time="2021-03-30T13:15:59+02:00" level=debug msg="received peer event" event= id=3ed3ef4e958d729086739327058468ca6b493acc
Mar 30 13:15:59 ubuntu-2gb-nbg1-3 scionbttracker[17414]: time="2021-03-30T13:15:59+02:00" level=debug msg="active peer" id=3ed3ef4e958d729086739327058468ca6b493acc
Mar 30 13:15:59 ubuntu-2gb-nbg1-3 scionbttracker[17414]: time="2021-03-30T13:15:59+02:00" level=debug msg="active peer" id=ac7fe04484f18b80f3e06b7b151ec14de992995a
Mar 30 13:15:59 ubuntu-2gb-nbg1-3 scionbttracker[17414]: time="2021-03-30T13:15:59+02:00" level=debug msg="active peer" id=12a98600c7fad6c612bc913ff89ff5c8880f25a2
Mar 30 13:16:36 ubuntu-2gb-nbg1-3 scionbttracker[17414]: time="2021-03-30T13:16:36+02:00" level=debug msg="url: \"/?compact=1&downloaded=2887761920&info_hash=%7Ck%B1a%8D%F8%7Do%FEZ8%EB7.%7BS%A5%1F%F9%E7&left=1414180864&peer_id=-GT0002-%F5D%E1%EA%B8%BFm%FD%9E%A6%F1%08&port=8082&supportcrypto=1&uploaded=927367168\"; headers: \"http.Header{\"Accept-Encoding\":[]string{\"gzip\"}}\""
Mar 30 13:16:36 ubuntu-2gb-nbg1-3 scionbttracker[17414]: time="2021-03-30T13:16:36+02:00" level=debug msg="received peer event" event= id=12a98600c7fad6c612bc913ff89ff5c8880f25a2
Mar 30 13:16:36 ubuntu-2gb-nbg1-3 scionbttracker[17414]: time="2021-03-30T13:16:36+02:00" level=debug msg="active peer" id=3ed3ef4e958d729086739327058468ca6b493acc
Mar 30 13:16:36 ubuntu-2gb-nbg1-3 scionbttracker[17414]: time="2021-03-30T13:16:36+02:00" level=debug msg="active peer" id=ac7fe04484f18b80f3e06b7b151ec14de992995a
Mar 30 13:16:36 ubuntu-2gb-nbg1-3 scionbttracker[17414]: time="2021-03-30T13:16:36+02:00" level=debug msg="active peer" id=12a98600c7fad6c612bc913ff89ff5c8880f25a2
Mar 30 13:16:45 ubuntu-2gb-nbg1-3 scionbttracker[17414]: time="2021-03-30T13:16:45+02:00" level=debug msg="url: \"/?compact=1&downloaded=0&info_hash=%7Ck%B1a%8D%F8%7Do%FEZ8%EB7.%7BS%A5%1F%F9%E7&left=0&peer_id=-GT0002-%9A%B5%87%99%18%7C%0D%B5%23%CAX%ED&port=8082&supportcrypto=1&uploaded=3207757824\"; headers: \"http.Header{\"Accept-Encoding\":[]string{\"gzip\"}}\""
Mar 30 13:16:45 ubuntu-2gb-nbg1-3 scionbttracker[17414]: time="2021-03-30T13:16:45+02:00" level=debug msg="received peer event" event= id=ac7fe04484f18b80f3e06b7b151ec14de992995a
Mar 30 13:16:45 ubuntu-2gb-nbg1-3 scionbttracker[17414]: time="2021-03-30T13:16:45+02:00" level=debug msg="active peer" id=3ed3ef4e958d729086739327058468ca6b493acc
Mar 30 13:16:45 ubuntu-2gb-nbg1-3 scionbttracker[17414]: time="2021-03-30T13:16:45+02:00" level=debug msg="active peer" id=12a98600c7fad6c612bc913ff89ff5c8880f25a2
Mar 30 13:17:00 ubuntu-2gb-nbg1-3 scionbttracker[17414]: time="2021-03-30T13:17:00+02:00" level=debug msg="url: \"/?compact=1&downloaded=1543913472&info_hash=%7Ck%B1a%8D%F8%7Do%FEZ8%EB7.%7BS%A5%1F%F9%E7&left=2756456448&peer_id=-GT0002-p%AB%D8%06rG%97%FB%F2%1E%A9x&port=8082&supportcrypto=1&uploaded=449495040\"; headers: \"http.Header{\"Accept-Encoding\":[]string{\"gzip\"}}\""
Mar 30 13:17:00 ubuntu-2gb-nbg1-3 scionbttracker[17414]: time="2021-03-30T13:17:00+02:00" level=debug msg="received peer event" event= id=3ed3ef4e958d729086739327058468ca6b493acc
Mar 30 13:17:00 ubuntu-2gb-nbg1-3 scionbttracker[17414]: time="2021-03-30T13:17:00+02:00" level=debug msg="active peer" id=3ed3ef4e958d729086739327058468ca6b493acc
Mar 30 13:17:00 ubuntu-2gb-nbg1-3 scionbttracker[17414]: time="2021-03-30T13:17:00+02:00" level=debug msg="active peer" id=ac7fe04484f18b80f3e06b7b151ec14de992995a
Mar 30 13:17:00 ubuntu-2gb-nbg1-3 scionbttracker[17414]: time="2021-03-30T13:17:00+02:00" level=debug msg="active peer" id=12a98600c7fad6c612bc913ff89ff5c8880f25a2
Mar 30 13:17:40 ubuntu-2gb-nbg1-3 scionbttracker[17414]: time="2021-03-30T13:17:40+02:00" level=debug msg="url: \"/?compact=1&downloaded=3130114048&info_hash=%7Ck%B1a%8D%F8%7Do%FEZ8%EB7.%7BS%A5%1F%F9%E7&left=1171976192&peer_id=-GT0002-%F5D%E1%EA%B8%BFm%FD%9E%A6%F1%08&port=8082&supportcrypto=1&uploaded=1043070976\"; headers: \"http.Header{\"Accept-Encoding\":[]string{\"gzip\"}}\""
Mar 30 13:17:40 ubuntu-2gb-nbg1-3 scionbttracker[17414]: time="2021-03-30T13:17:40+02:00" level=debug msg="received peer event" event= id=12a98600c7fad6c612bc913ff89ff5c8880f25a2
Mar 30 13:17:40 ubuntu-2gb-nbg1-3 scionbttracker[17414]: time="2021-03-30T13:17:40+02:00" level=debug msg="active peer" id=ac7fe04484f18b80f3e06b7b151ec14de992995a
Mar 30 13:17:40 ubuntu-2gb-nbg1-3 scionbttracker[17414]: time="2021-03-30T13:17:40+02:00" level=debug msg="active peer" id=12a98600c7fad6c612bc913ff89ff5c8880f25a2
Mar 30 13:17:40 ubuntu-2gb-nbg1-3 scionbttracker[17414]: time="2021-03-30T13:17:40+02:00" level=debug msg="active peer" id=3ed3ef4e958d729086739327058468ca6b493acc
Mar 30 13:17:47 ubuntu-2gb-nbg1-3 scionbttracker[17414]: time="2021-03-30T13:17:47+02:00" level=debug msg="url: \"/?compact=1&downloaded=0&info_hash=%7Ck%B1a%8D%F8%7Do%FEZ8%EB7.%7BS%A5%1F%F9%E7&left=0&peer_id=-GT0002-%9A%B5%87%99%18%7C%0D%B5%23%CAX%ED&port=8082&supportcrypto=1&uploaded=3496804352\"; headers: \"http.Header{\"Accept-Encoding\":[]string{\"gzip\"}}\""
Mar 30 13:17:47 ubuntu-2gb-nbg1-3 scionbttracker[17414]: time="2021-03-30T13:17:47+02:00" level=debug msg="received peer event" event= id=ac7fe04484f18b80f3e06b7b151ec14de992995a
Mar 30 13:17:47 ubuntu-2gb-nbg1-3 scionbttracker[17414]: time="2021-03-30T13:17:47+02:00" level=debug msg="active peer" id=12a98600c7fad6c612bc913ff89ff5c8880f25a2
Mar 30 13:17:47 ubuntu-2gb-nbg1-3 scionbttracker[17414]: time="2021-03-30T13:17:47+02:00" level=debug msg="active peer" id=3ed3ef4e958d729086739327058468ca6b493acc
Mar 30 13:18:00 ubuntu-2gb-nbg1-3 scionbttracker[17414]: time="2021-03-30T13:18:00+02:00" level=debug msg="url: \"/?compact=1&downloaded=1714733056&info_hash=%7Ck%B1a%8D%F8%7Do%FEZ8%EB7.%7BS%A5%1F%F9%E7&left=2585636864&peer_id=-GT0002-p%AB%D8%06rG%97%FB%F2%1E%A9x&port=8082&supportcrypto=1&uploaded=480116736\"; headers: \"http.Header{\"Accept-Encoding\":[]string{\"gzip\"}}\""
Mar 30 13:18:00 ubuntu-2gb-nbg1-3 scionbttracker[17414]: time="2021-03-30T13:18:00+02:00" level=debug msg="received peer event" event= id=3ed3ef4e958d729086739327058468ca6b493acc
Mar 30 13:18:00 ubuntu-2gb-nbg1-3 scionbttracker[17414]: time="2021-03-30T13:18:00+02:00" level=debug msg="active peer" id=3ed3ef4e958d729086739327058468ca6b493acc
Mar 30 13:18:00 ubuntu-2gb-nbg1-3 scionbttracker[17414]: time="2021-03-30T13:18:00+02:00" level=debug msg="active peer" id=ac7fe04484f18b80f3e06b7b151ec14de992995a
Mar 30 13:18:00 ubuntu-2gb-nbg1-3 scionbttracker[17414]: time="2021-03-30T13:18:00+02:00" level=debug msg="active peer" id=12a98600c7fad6c612bc913ff89ff5c8880f25a2
Mar 30 13:18:41 ubuntu-2gb-nbg1-3 scionbttracker[17414]: time="2021-03-30T13:18:41+02:00" level=debug msg="url: \"/?compact=1&downloaded=3381800960&info_hash=%7Ck%B1a%8D%F8%7Do%FEZ8%EB7.%7BS%A5%1F%F9%E7&left=920469504&peer_id=-GT0002-%F5D%E1%EA%B8%BFm%FD%9E%A6%F1%08&port=8082&supportcrypto=1&uploaded=1165852672\"; headers: \"http.Header{\"Accept-Encoding\":[]string{\"gzip\"}}\""
Mar 30 13:18:41 ubuntu-2gb-nbg1-3 scionbttracker[17414]: time="2021-03-30T13:18:41+02:00" level=debug msg="received peer event" event= id=12a98600c7fad6c612bc913ff89ff5c8880f25a2
Mar 30 13:18:41 ubuntu-2gb-nbg1-3 scionbttracker[17414]: time="2021-03-30T13:18:41+02:00" level=debug msg="active peer" id=3ed3ef4e958d729086739327058468ca6b493acc
Mar 30 13:18:41 ubuntu-2gb-nbg1-3 scionbttracker[17414]: time="2021-03-30T13:18:41+02:00" level=debug msg="active peer" id=ac7fe04484f18b80f3e06b7b151ec14de992995a
Mar 30 13:18:41 ubuntu-2gb-nbg1-3 scionbttracker[17414]: time="2021-03-30T13:18:41+02:00" level=debug msg="active peer" id=12a98600c7fad6c612bc913ff89ff5c8880f25a2
Mar 30 13:18:49 ubuntu-2gb-nbg1-3 scionbttracker[17414]: time="2021-03-30T13:18:49+02:00" level=debug msg="url: \"/?compact=1&downloaded=0&info_hash=%7Ck%B1a%8D%F8%7Do%FEZ8%EB7.%7BS%A5%1F%F9%E7&left=0&peer_id=-GT0002-%9A%B5%87%99%18%7C%0D%B5%23%CAX%ED&port=8082&supportcrypto=1&uploaded=3782356992\"; headers: \"http.Header{\"Accept-Encoding\":[]string{\"gzip\"}}\""
Mar 30 13:18:49 ubuntu-2gb-nbg1-3 scionbttracker[17414]: time="2021-03-30T13:18:49+02:00" level=debug msg="received peer event" event= id=ac7fe04484f18b80f3e06b7b151ec14de992995a
Mar 30 13:18:49 ubuntu-2gb-nbg1-3 scionbttracker[17414]: time="2021-03-30T13:18:49+02:00" level=debug msg="active peer" id=3ed3ef4e958d729086739327058468ca6b493acc
Mar 30 13:18:49 ubuntu-2gb-nbg1-3 scionbttracker[17414]: time="2021-03-30T13:18:49+02:00" level=debug msg="active peer" id=12a98600c7fad6c612bc913ff89ff5c8880f25a2
Mar 30 13:19:00 ubuntu-2gb-nbg1-3 scionbttracker[17414]: time="2021-03-30T13:19:00+02:00" level=debug msg="url: \"/?compact=1&downloaded=1878196224&info_hash=%7Ck%B1a%8D%F8%7Do%FEZ8%EB7.%7BS%A5%1F%F9%E7&left=2422173696&peer_id=-GT0002-p%AB%D8%06rG%97%FB%F2%1E%A9x&port=8082&supportcrypto=1&uploaded=513703936\"; headers: \"http.Header{\"Accept-Encoding\":[]string{\"gzip\"}}\""
Mar 30 13:19:00 ubuntu-2gb-nbg1-3 scionbttracker[17414]: time="2021-03-30T13:19:00+02:00" level=debug msg="received peer event" event= id=3ed3ef4e958d729086739327058468ca6b493acc
Mar 30 13:19:00 ubuntu-2gb-nbg1-3 scionbttracker[17414]: time="2021-03-30T13:19:00+02:00" level=debug msg="active peer" id=3ed3ef4e958d729086739327058468ca6b493acc
Mar 30 13:19:00 ubuntu-2gb-nbg1-3 scionbttracker[17414]: time="2021-03-30T13:19:00+02:00" level=debug msg="active peer" id=ac7fe04484f18b80f3e06b7b151ec14de992995a
Mar 30 13:19:00 ubuntu-2gb-nbg1-3 scionbttracker[17414]: time="2021-03-30T13:19:00+02:00" level=debug msg="active peer" id=12a98600c7fad6c612bc913ff89ff5c8880f25a2
Mar 30 13:19:42 ubuntu-2gb-nbg1-3 scionbttracker[17414]: time="2021-03-30T13:19:42+02:00" level=debug msg="url: \"/?compact=1&downloaded=3612487680&info_hash=%7Ck%B1a%8D%F8%7Do%FEZ8%EB7.%7BS%A5%1F%F9%E7&left=689815552&peer_id=-GT0002-%F5D%E1%EA%B8%BFm%FD%9E%A6%F1%08&port=8082&supportcrypto=1&uploaded=1285881856\"; headers: \"http.Header{\"Accept-Encoding\":[]string{\"gzip\"}}\""
Mar 30 13:19:42 ubuntu-2gb-nbg1-3 scionbttracker[17414]: time="2021-03-30T13:19:42+02:00" level=debug msg="received peer event" event= id=12a98600c7fad6c612bc913ff89ff5c8880f25a2
Mar 30 13:19:42 ubuntu-2gb-nbg1-3 scionbttracker[17414]: time="2021-03-30T13:19:42+02:00" level=debug msg="active peer" id=3ed3ef4e958d729086739327058468ca6b493acc
Mar 30 13:19:42 ubuntu-2gb-nbg1-3 scionbttracker[17414]: time="2021-03-30T13:19:42+02:00" level=debug msg="active peer" id=ac7fe04484f18b80f3e06b7b151ec14de992995a
Mar 30 13:19:42 ubuntu-2gb-nbg1-3 scionbttracker[17414]: time="2021-03-30T13:19:42+02:00" level=debug msg="active peer" id=12a98600c7fad6c612bc913ff89ff5c8880f25a2
Mar 30 13:19:51 ubuntu-2gb-nbg1-3 scionbttracker[17414]: time="2021-03-30T13:19:51+02:00" level=debug msg="url: \"/?compact=1&downloaded=0&info_hash=%7Ck%B1a%8D%F8%7Do%FEZ8%EB7.%7BS%A5%1F%F9%E7&left=0&peer_id=-GT0002-%9A%B5%87%99%18%7C%0D%B5%23%CAX%ED&port=8082&supportcrypto=1&uploaded=4057149440\"; headers: \"http.Header{\"Accept-Encoding\":[]string{\"gzip\"}}\""
Mar 30 13:19:51 ubuntu-2gb-nbg1-3 scionbttracker[17414]: time="2021-03-30T13:19:51+02:00" level=debug msg="received peer event" event= id=ac7fe04484f18b80f3e06b7b151ec14de992995a
Mar 30 13:19:51 ubuntu-2gb-nbg1-3 scionbttracker[17414]: time="2021-03-30T13:19:51+02:00" level=debug msg="active peer" id=12a98600c7fad6c612bc913ff89ff5c8880f25a2
Mar 30 13:19:51 ubuntu-2gb-nbg1-3 scionbttracker[17414]: time="2021-03-30T13:19:51+02:00" level=debug msg="active peer" id=3ed3ef4e958d729086739327058468ca6b493acc
Mar 30 13:20:00 ubuntu-2gb-nbg1-3 scionbttracker[17414]: time="2021-03-30T13:20:00+02:00" level=debug msg="url: \"/?compact=1&downloaded=2044887040&info_hash=%7Ck%B1a%8D%F8%7Do%FEZ8%EB7.%7BS%A5%1F%F9%E7&left=2255482880&peer_id=-GT0002-p%AB%D8%06rG%97%FB%F2%1E%A9x&port=8082&supportcrypto=1&uploaded=538624000\"; headers: \"http.Header{\"Accept-Encoding\":[]string{\"gzip\"}}\""
Mar 30 13:20:00 ubuntu-2gb-nbg1-3 scionbttracker[17414]: time="2021-03-30T13:20:00+02:00" level=debug msg="received peer event" event= id=3ed3ef4e958d729086739327058468ca6b493acc
Mar 30 13:20:00 ubuntu-2gb-nbg1-3 scionbttracker[17414]: time="2021-03-30T13:20:00+02:00" level=debug msg="active peer" id=3ed3ef4e958d729086739327058468ca6b493acc
Mar 30 13:20:00 ubuntu-2gb-nbg1-3 scionbttracker[17414]: time="2021-03-30T13:20:00+02:00" level=debug msg="active peer" id=ac7fe04484f18b80f3e06b7b151ec14de992995a
Mar 30 13:20:00 ubuntu-2gb-nbg1-3 scionbttracker[17414]: time="2021-03-30T13:20:00+02:00" level=debug msg="active peer" id=12a98600c7fad6c612bc913ff89ff5c8880f25a2
Mar 30 13:20:44 ubuntu-2gb-nbg1-3 scionbttracker[17414]: time="2021-03-30T13:20:44+02:00" level=debug msg="url: \"/?compact=1&downloaded=3845206016&info_hash=%7Ck%B1a%8D%F8%7Do%FEZ8%EB7.%7BS%A5%1F%F9%E7&left=457113600&peer_id=-GT0002-%F5D%E1%EA%B8%BFm%FD%9E%A6%F1%08&port=8082&supportcrypto=1&uploaded=1407811584\"; headers: \"http.Header{\"Accept-Encoding\":[]string{\"gzip\"}}\""
Mar 30 13:20:44 ubuntu-2gb-nbg1-3 scionbttracker[17414]: time="2021-03-30T13:20:44+02:00" level=debug msg="received peer event" event= id=12a98600c7fad6c612bc913ff89ff5c8880f25a2
Mar 30 13:20:44 ubuntu-2gb-nbg1-3 scionbttracker[17414]: time="2021-03-30T13:20:44+02:00" level=debug msg="active peer" id=3ed3ef4e958d729086739327058468ca6b493acc
Mar 30 13:20:44 ubuntu-2gb-nbg1-3 scionbttracker[17414]: time="2021-03-30T13:20:44+02:00" level=debug msg="active peer" id=ac7fe04484f18b80f3e06b7b151ec14de992995a
Mar 30 13:20:44 ubuntu-2gb-nbg1-3 scionbttracker[17414]: time="2021-03-30T13:20:44+02:00" level=debug msg="active peer" id=12a98600c7fad6c612bc913ff89ff5c8880f25a2
Mar 30 13:20:56 ubuntu-2gb-nbg1-3 scionbttracker[17414]: time="2021-03-30T13:20:56+02:00" level=debug msg="url: \"/?compact=1&downloaded=0&info_hash=%7Ck%B1a%8D%F8%7Do%FEZ8%EB7.%7BS%A5%1F%F9%E7&left=0&peer_id=-GT0002-%9A%B5%87%99%18%7C%0D%B5%23%CAX%ED&port=8082&supportcrypto=1&uploaded=4334465024\"; headers: \"http.Header{\"Accept-Encoding\":[]string{\"gzip\"}}\""
Mar 30 13:20:56 ubuntu-2gb-nbg1-3 scionbttracker[17414]: time="2021-03-30T13:20:56+02:00" level=debug msg="received peer event" event= id=ac7fe04484f18b80f3e06b7b151ec14de992995a
Mar 30 13:20:56 ubuntu-2gb-nbg1-3 scionbttracker[17414]: time="2021-03-30T13:20:56+02:00" level=debug msg="active peer" id=3ed3ef4e958d729086739327058468ca6b493acc
Mar 30 13:20:56 ubuntu-2gb-nbg1-3 scionbttracker[17414]: time="2021-03-30T13:20:56+02:00" level=debug msg="active peer" id=12a98600c7fad6c612bc913ff89ff5c8880f25a2
Mar 30 13:21:00 ubuntu-2gb-nbg1-3 scionbttracker[17414]: time="2021-03-30T13:21:00+02:00" level=debug msg="url: \"/?compact=1&downloaded=2215477248&info_hash=%7Ck%B1a%8D%F8%7Do%FEZ8%EB7.%7BS%A5%1F%F9%E7&left=2084892672&peer_id=-GT0002-p%AB%D8%06rG%97%FB%F2%1E%A9x&port=8082&supportcrypto=1&uploaded=557694976\"; headers: \"http.Header{\"Accept-Encoding\":[]string{\"gzip\"}}\""
Mar 30 13:21:00 ubuntu-2gb-nbg1-3 scionbttracker[17414]: time="2021-03-30T13:21:00+02:00" level=debug msg="received peer event" event= id=3ed3ef4e958d729086739327058468ca6b493acc
Mar 30 13:21:00 ubuntu-2gb-nbg1-3 scionbttracker[17414]: time="2021-03-30T13:21:00+02:00" level=debug msg="active peer" id=3ed3ef4e958d729086739327058468ca6b493acc
Mar 30 13:21:00 ubuntu-2gb-nbg1-3 scionbttracker[17414]: time="2021-03-30T13:21:00+02:00" level=debug msg="active peer" id=ac7fe04484f18b80f3e06b7b151ec14de992995a
Mar 30 13:21:00 ubuntu-2gb-nbg1-3 scionbttracker[17414]: time="2021-03-30T13:21:00+02:00" level=debug msg="active peer" id=12a98600c7fad6c612bc913ff89ff5c8880f25a2
Mar 30 13:21:45 ubuntu-2gb-nbg1-3 scionbttracker[17414]: time="2021-03-30T13:21:45+02:00" level=debug msg="url: \"/?compact=1&downloaded=4071026688&info_hash=%7Ck%B1a%8D%F8%7Do%FEZ8%EB7.%7BS%A5%1F%F9%E7&left=231391232&peer_id=-GT0002-%F5D%E1%EA%B8%BFm%FD%9E%A6%F1%08&port=8082&supportcrypto=1&uploaded=1535574016\"; headers: \"http.Header{\"Accept-Encoding\":[]string{\"gzip\"}}\""
Mar 30 13:21:45 ubuntu-2gb-nbg1-3 scionbttracker[17414]: time="2021-03-30T13:21:45+02:00" level=debug msg="received peer event" event= id=12a98600c7fad6c612bc913ff89ff5c8880f25a2
Mar 30 13:21:45 ubuntu-2gb-nbg1-3 scionbttracker[17414]: time="2021-03-30T13:21:45+02:00" level=debug msg="active peer" id=3ed3ef4e958d729086739327058468ca6b493acc
Mar 30 13:21:45 ubuntu-2gb-nbg1-3 scionbttracker[17414]: time="2021-03-30T13:21:45+02:00" level=debug msg="active peer" id=ac7fe04484f18b80f3e06b7b151ec14de992995a
Mar 30 13:21:45 ubuntu-2gb-nbg1-3 scionbttracker[17414]: time="2021-03-30T13:21:45+02:00" level=debug msg="active peer" id=12a98600c7fad6c612bc913ff89ff5c8880f25a2
Mar 30 13:22:00 ubuntu-2gb-nbg1-3 scionbttracker[17414]: time="2021-03-30T13:22:00+02:00" level=debug msg="url: \"/?compact=1&downloaded=2389442560&info_hash=%7Ck%B1a%8D%F8%7Do%FEZ8%EB7.%7BS%A5%1F%F9%E7&left=1910943744&peer_id=-GT0002-p%AB%D8%06rG%97%FB%F2%1E%A9x&port=8082&supportcrypto=1&uploaded=573128704\"; headers: \"http.Header{\"Accept-Encoding\":[]string{\"gzip\"}}\""
Mar 30 13:22:00 ubuntu-2gb-nbg1-3 scionbttracker[17414]: time="2021-03-30T13:22:00+02:00" level=debug msg="received peer event" event= id=3ed3ef4e958d729086739327058468ca6b493acc
Mar 30 13:22:00 ubuntu-2gb-nbg1-3 scionbttracker[17414]: time="2021-03-30T13:22:00+02:00" level=debug msg="active peer" id=3ed3ef4e958d729086739327058468ca6b493acc
Mar 30 13:22:00 ubuntu-2gb-nbg1-3 scionbttracker[17414]: time="2021-03-30T13:22:00+02:00" level=debug msg="active peer" id=ac7fe04484f18b80f3e06b7b151ec14de992995a
Mar 30 13:22:00 ubuntu-2gb-nbg1-3 scionbttracker[17414]: time="2021-03-30T13:22:00+02:00" level=debug msg="active peer" id=12a98600c7fad6c612bc913ff89ff5c8880f25a2
Mar 30 13:22:01 ubuntu-2gb-nbg1-3 scionbttracker[17414]: time="2021-03-30T13:22:01+02:00" level=debug msg="url: \"/?compact=1&downloaded=0&info_hash=%7Ck%B1a%8D%F8%7Do%FEZ8%EB7.%7BS%A5%1F%F9%E7&left=0&peer_id=-GT0002-%9A%B5%87%99%18%7C%0D%B5%23%CAX%ED&port=8082&supportcrypto=1&uploaded=4620742656\"; headers: \"http.Header{\"Accept-Encoding\":[]string{\"gzip\"}}\""
Mar 30 13:22:01 ubuntu-2gb-nbg1-3 scionbttracker[17414]: time="2021-03-30T13:22:01+02:00" level=debug msg="received peer event" event= id=ac7fe04484f18b80f3e06b7b151ec14de992995a
Mar 30 13:22:01 ubuntu-2gb-nbg1-3 scionbttracker[17414]: time="2021-03-30T13:22:01+02:00" level=debug msg="active peer" id=3ed3ef4e958d729086739327058468ca6b493acc
Mar 30 13:22:01 ubuntu-2gb-nbg1-3 scionbttracker[17414]: time="2021-03-30T13:22:01+02:00" level=debug msg="active peer" id=12a98600c7fad6c612bc913ff89ff5c8880f25a2
Mar 30 13:22:49 ubuntu-2gb-nbg1-3 scionbttracker[17414]: time="2021-03-30T13:22:49+02:00" level=debug msg="url: \"/?compact=1&downloaded=4284018688&info_hash=%7Ck%B1a%8D%F8%7Do%FEZ8%EB7.%7BS%A5%1F%F9%E7&left=18448384&peer_id=-GT0002-%F5D%E1%EA%B8%BFm%FD%9E%A6%F1%08&port=8082&supportcrypto=1&uploaded=1671102464\"; headers: \"http.Header{\"Accept-Encoding\":[]string{\"gzip\"}}\""
Mar 30 13:22:49 ubuntu-2gb-nbg1-3 scionbttracker[17414]: time="2021-03-30T13:22:49+02:00" level=debug msg="received peer event" event= id=12a98600c7fad6c612bc913ff89ff5c8880f25a2
Mar 30 13:22:49 ubuntu-2gb-nbg1-3 scionbttracker[17414]: time="2021-03-30T13:22:49+02:00" level=debug msg="active peer" id=3ed3ef4e958d729086739327058468ca6b493acc
Mar 30 13:22:49 ubuntu-2gb-nbg1-3 scionbttracker[17414]: time="2021-03-30T13:22:49+02:00" level=debug msg="active peer" id=ac7fe04484f18b80f3e06b7b151ec14de992995a
Mar 30 13:22:49 ubuntu-2gb-nbg1-3 scionbttracker[17414]: time="2021-03-30T13:22:49+02:00" level=debug msg="active peer" id=12a98600c7fad6c612bc913ff89ff5c8880f25a2
Mar 30 13:23:01 ubuntu-2gb-nbg1-3 scionbttracker[17414]: time="2021-03-30T13:23:01+02:00" level=debug msg="url: \"/?compact=1&downloaded=2569895936&info_hash=%7Ck%B1a%8D%F8%7Do%FEZ8%EB7.%7BS%A5%1F%F9%E7&left=1730490368&peer_id=-GT0002-p%AB%D8%06rG%97%FB%F2%1E%A9x&port=8082&supportcrypto=1&uploaded=580468736\"; headers: \"http.Header{\"Accept-Encoding\":[]string{\"gzip\"}}\""
Mar 30 13:23:01 ubuntu-2gb-nbg1-3 scionbttracker[17414]: time="2021-03-30T13:23:01+02:00" level=debug msg="received peer event" event= id=3ed3ef4e958d729086739327058468ca6b493acc
Mar 30 13:23:01 ubuntu-2gb-nbg1-3 scionbttracker[17414]: time="2021-03-30T13:23:01+02:00" level=debug msg="active peer" id=3ed3ef4e958d729086739327058468ca6b493acc
Mar 30 13:23:01 ubuntu-2gb-nbg1-3 scionbttracker[17414]: time="2021-03-30T13:23:01+02:00" level=debug msg="active peer" id=ac7fe04484f18b80f3e06b7b151ec14de992995a
Mar 30 13:23:01 ubuntu-2gb-nbg1-3 scionbttracker[17414]: time="2021-03-30T13:23:01+02:00" level=debug msg="active peer" id=12a98600c7fad6c612bc913ff89ff5c8880f25a2
Mar 30 13:23:02 ubuntu-2gb-nbg1-3 scionbttracker[17414]: time="2021-03-30T13:23:02+02:00" level=debug msg="url: \"/?compact=1&downloaded=0&info_hash=%7Ck%B1a%8D%F8%7Do%FEZ8%EB7.%7BS%A5%1F%F9%E7&left=0&peer_id=-GT0002-%9A%B5%87%99%18%7C%0D%B5%23%CAX%ED&port=8082&supportcrypto=1&uploaded=4891013120\"; headers: \"http.Header{\"Accept-Encoding\":[]string{\"gzip\"}}\""
Mar 30 13:23:02 ubuntu-2gb-nbg1-3 scionbttracker[17414]: time="2021-03-30T13:23:02+02:00" level=debug msg="received peer event" event= id=ac7fe04484f18b80f3e06b7b151ec14de992995a
Mar 30 13:23:02 ubuntu-2gb-nbg1-3 scionbttracker[17414]: time="2021-03-30T13:23:02+02:00" level=debug msg="active peer" id=3ed3ef4e958d729086739327058468ca6b493acc
Mar 30 13:23:02 ubuntu-2gb-nbg1-3 scionbttracker[17414]: time="2021-03-30T13:23:02+02:00" level=debug msg="active peer" id=12a98600c7fad6c612bc913ff89ff5c8880f25a2
Mar 30 13:23:50 ubuntu-2gb-nbg1-3 scionbttracker[17414]: time="2021-03-30T13:23:50+02:00" level=debug msg="url: \"/?compact=1&downloaded=4302548992&info_hash=%7Ck%B1a%8D%F8%7Do%FEZ8%EB7.%7BS%A5%1F%F9%E7&left=0&peer_id=-GT0002-%F5D%E1%EA%B8%BFm%FD%9E%A6%F1%08&port=8082&supportcrypto=1&uploaded=1785692160\"; headers: \"http.Header{\"Accept-Encoding\":[]string{\"gzip\"}}\""
Mar 30 13:23:50 ubuntu-2gb-nbg1-3 scionbttracker[17414]: time="2021-03-30T13:23:50+02:00" level=debug msg="received peer event" event= id=12a98600c7fad6c612bc913ff89ff5c8880f25a2
Mar 30 13:23:50 ubuntu-2gb-nbg1-3 scionbttracker[17414]: time="2021-03-30T13:23:50+02:00" level=debug msg="active peer" id=3ed3ef4e958d729086739327058468ca6b493acc
Mar 30 13:24:01 ubuntu-2gb-nbg1-3 scionbttracker[17414]: time="2021-03-30T13:24:01+02:00" level=debug msg="url: \"/?compact=1&downloaded=2776317952&info_hash=%7Ck%B1a%8D%F8%7Do%FEZ8%EB7.%7BS%A5%1F%F9%E7&left=1524068352&peer_id=-GT0002-p%AB%D8%06rG%97%FB%F2%1E%A9x&port=8082&supportcrypto=1&uploaded=580468736\"; headers: \"http.Header{\"Accept-Encoding\":[]string{\"gzip\"}}\""
Mar 30 13:24:01 ubuntu-2gb-nbg1-3 scionbttracker[17414]: time="2021-03-30T13:24:01+02:00" level=debug msg="received peer event" event= id=3ed3ef4e958d729086739327058468ca6b493acc
Mar 30 13:24:01 ubuntu-2gb-nbg1-3 scionbttracker[17414]: time="2021-03-30T13:24:01+02:00" level=debug msg="active peer" id=3ed3ef4e958d729086739327058468ca6b493acc
Mar 30 13:24:01 ubuntu-2gb-nbg1-3 scionbttracker[17414]: time="2021-03-30T13:24:01+02:00" level=debug msg="active peer" id=ac7fe04484f18b80f3e06b7b151ec14de992995a
Mar 30 13:24:01 ubuntu-2gb-nbg1-3 scionbttracker[17414]: time="2021-03-30T13:24:01+02:00" level=debug msg="active peer" id=12a98600c7fad6c612bc913ff89ff5c8880f25a2
Mar 30 13:24:03 ubuntu-2gb-nbg1-3 scionbttracker[17414]: time="2021-03-30T13:24:03+02:00" level=debug msg="url: \"/?compact=1&downloaded=0&info_hash=%7Ck%B1a%8D%F8%7Do%FEZ8%EB7.%7BS%A5%1F%F9%E7&left=0&peer_id=-GT0002-%9A%B5%87%99%18%7C%0D%B5%23%CAX%ED&port=8082&supportcrypto=1&uploaded=4987744256\"; headers: \"http.Header{\"Accept-Encoding\":[]string{\"gzip\"}}\""
Mar 30 13:24:03 ubuntu-2gb-nbg1-3 scionbttracker[17414]: time="2021-03-30T13:24:03+02:00" level=debug msg="received peer event" event= id=ac7fe04484f18b80f3e06b7b151ec14de992995a
Mar 30 13:24:03 ubuntu-2gb-nbg1-3 scionbttracker[17414]: time="2021-03-30T13:24:03+02:00" level=debug msg="active peer" id=3ed3ef4e958d729086739327058468ca6b493acc
Mar 30 13:24:51 ubuntu-2gb-nbg1-3 scionbttracker[17414]: time="2021-03-30T13:24:51+02:00" level=debug msg="url: \"/?compact=1&downloaded=4302548992&info_hash=%7Ck%B1a%8D%F8%7Do%FEZ8%EB7.%7BS%A5%1F%F9%E7&left=0&peer_id=-GT0002-%F5D%E1%EA%B8%BFm%FD%9E%A6%F1%08&port=8082&supportcrypto=1&uploaded=1897496576\"; headers: \"http.Header{\"Accept-Encoding\":[]string{\"gzip\"}}\""
Mar 30 13:24:51 ubuntu-2gb-nbg1-3 scionbttracker[17414]: time="2021-03-30T13:24:51+02:00" level=debug msg="received peer event" event= id=12a98600c7fad6c612bc913ff89ff5c8880f25a2
Mar 30 13:24:51 ubuntu-2gb-nbg1-3 scionbttracker[17414]: time="2021-03-30T13:24:51+02:00" level=debug msg="active peer" id=3ed3ef4e958d729086739327058468ca6b493acc
Mar 30 13:25:02 ubuntu-2gb-nbg1-3 scionbttracker[17414]: time="2021-03-30T13:25:02+02:00" level=debug msg="url: \"/?compact=1&downloaded=2971566080&info_hash=%7Ck%B1a%8D%F8%7Do%FEZ8%EB7.%7BS%A5%1F%F9%E7&left=1328820224&peer_id=-GT0002-p%AB%D8%06rG%97%FB%F2%1E%A9x&port=8082&supportcrypto=1&uploaded=580468736\"; headers: \"http.Header{\"Accept-Encoding\":[]string{\"gzip\"}}\""
Mar 30 13:25:02 ubuntu-2gb-nbg1-3 scionbttracker[17414]: time="2021-03-30T13:25:02+02:00" level=debug msg="received peer event" event= id=3ed3ef4e958d729086739327058468ca6b493acc
Mar 30 13:25:02 ubuntu-2gb-nbg1-3 scionbttracker[17414]: time="2021-03-30T13:25:02+02:00" level=debug msg="active peer" id=3ed3ef4e958d729086739327058468ca6b493acc
Mar 30 13:25:02 ubuntu-2gb-nbg1-3 scionbttracker[17414]: time="2021-03-30T13:25:02+02:00" level=debug msg="active peer" id=ac7fe04484f18b80f3e06b7b151ec14de992995a
Mar 30 13:25:02 ubuntu-2gb-nbg1-3 scionbttracker[17414]: time="2021-03-30T13:25:02+02:00" level=debug msg="active peer" id=12a98600c7fad6c612bc913ff89ff5c8880f25a2
Mar 30 13:25:04 ubuntu-2gb-nbg1-3 scionbttracker[17414]: time="2021-03-30T13:25:04+02:00" level=debug msg="url: \"/?compact=1&downloaded=0&info_hash=%7Ck%B1a%8D%F8%7Do%FEZ8%EB7.%7BS%A5%1F%F9%E7&left=0&peer_id=-GT0002-%9A%B5%87%99%18%7C%0D%B5%23%CAX%ED&port=8082&supportcrypto=1&uploaded=5074251776\"; headers: \"http.Header{\"Accept-Encoding\":[]string{\"gzip\"}}\""
Mar 30 13:25:04 ubuntu-2gb-nbg1-3 scionbttracker[17414]: time="2021-03-30T13:25:04+02:00" level=debug msg="received peer event" event= id=ac7fe04484f18b80f3e06b7b151ec14de992995a
Mar 30 13:25:04 ubuntu-2gb-nbg1-3 scionbttracker[17414]: time="2021-03-30T13:25:04+02:00" level=debug msg="active peer" id=3ed3ef4e958d729086739327058468ca6b493acc
Mar 30 13:25:52 ubuntu-2gb-nbg1-3 scionbttracker[17414]: time="2021-03-30T13:25:52+02:00" level=debug msg="url: \"/?compact=1&downloaded=4302548992&info_hash=%7Ck%B1a%8D%F8%7Do%FEZ8%EB7.%7BS%A5%1F%F9%E7&left=0&peer_id=-GT0002-%F5D%E1%EA%B8%BFm%FD%9E%A6%F1%08&port=8082&supportcrypto=1&uploaded=2004844544\"; headers: \"http.Header{\"Accept-Encoding\":[]string{\"gzip\"}}\""
Mar 30 13:25:52 ubuntu-2gb-nbg1-3 scionbttracker[17414]: time="2021-03-30T13:25:52+02:00" level=debug msg="received peer event" event= id=12a98600c7fad6c612bc913ff89ff5c8880f25a2
Mar 30 13:25:52 ubuntu-2gb-nbg1-3 scionbttracker[17414]: time="2021-03-30T13:25:52+02:00" level=debug msg="active peer" id=3ed3ef4e958d729086739327058468ca6b493acc
Mar 30 13:26:02 ubuntu-2gb-nbg1-3 scionbttracker[17414]: time="2021-03-30T13:26:02+02:00" level=debug msg="url: \"/?compact=1&downloaded=3168813056&info_hash=%7Ck%B1a%8D%F8%7Do%FEZ8%EB7.%7BS%A5%1F%F9%E7&left=1131573248&peer_id=-GT0002-p%AB%D8%06rG%97%FB%F2%1E%A9x&port=8082&supportcrypto=1&uploaded=580468736\"; headers: \"http.Header{\"Accept-Encoding\":[]string{\"gzip\"}}\""
Mar 30 13:26:02 ubuntu-2gb-nbg1-3 scionbttracker[17414]: time="2021-03-30T13:26:02+02:00" level=debug msg="received peer event" event= id=3ed3ef4e958d729086739327058468ca6b493acc
Mar 30 13:26:02 ubuntu-2gb-nbg1-3 scionbttracker[17414]: time="2021-03-30T13:26:02+02:00" level=debug msg="active peer" id=3ed3ef4e958d729086739327058468ca6b493acc
Mar 30 13:26:02 ubuntu-2gb-nbg1-3 scionbttracker[17414]: time="2021-03-30T13:26:02+02:00" level=debug msg="active peer" id=ac7fe04484f18b80f3e06b7b151ec14de992995a
Mar 30 13:26:02 ubuntu-2gb-nbg1-3 scionbttracker[17414]: time="2021-03-30T13:26:02+02:00" level=debug msg="active peer" id=12a98600c7fad6c612bc913ff89ff5c8880f25a2
Mar 30 13:26:05 ubuntu-2gb-nbg1-3 scionbttracker[17414]: time="2021-03-30T13:26:05+02:00" level=debug msg="url: \"/?compact=1&downloaded=0&info_hash=%7Ck%B1a%8D%F8%7Do%FEZ8%EB7.%7BS%A5%1F%F9%E7&left=0&peer_id=-GT0002-%9A%B5%87%99%18%7C%0D%B5%23%CAX%ED&port=8082&supportcrypto=1&uploaded=5169803264\"; headers: \"http.Header{\"Accept-Encoding\":[]string{\"gzip\"}}\""
Mar 30 13:26:05 ubuntu-2gb-nbg1-3 scionbttracker[17414]: time="2021-03-30T13:26:05+02:00" level=debug msg="received peer event" event= id=ac7fe04484f18b80f3e06b7b151ec14de992995a
Mar 30 13:26:05 ubuntu-2gb-nbg1-3 scionbttracker[17414]: time="2021-03-30T13:26:05+02:00" level=debug msg="active peer" id=3ed3ef4e958d729086739327058468ca6b493acc
Mar 30 13:26:53 ubuntu-2gb-nbg1-3 scionbttracker[17414]: time="2021-03-30T13:26:53+02:00" level=debug msg="url: \"/?compact=1&downloaded=4302548992&info_hash=%7Ck%B1a%8D%F8%7Do%FEZ8%EB7.%7BS%A5%1F%F9%E7&left=0&peer_id=-GT0002-%F5D%E1%EA%B8%BFm%FD%9E%A6%F1%08&port=8082&supportcrypto=1&uploaded=2109964288\"; headers: \"http.Header{\"Accept-Encoding\":[]string{\"gzip\"}}\""
Mar 30 13:26:53 ubuntu-2gb-nbg1-3 scionbttracker[17414]: time="2021-03-30T13:26:53+02:00" level=debug msg="received peer event" event= id=12a98600c7fad6c612bc913ff89ff5c8880f25a2
Mar 30 13:26:53 ubuntu-2gb-nbg1-3 scionbttracker[17414]: time="2021-03-30T13:26:53+02:00" level=debug msg="active peer" id=3ed3ef4e958d729086739327058468ca6b493acc
Mar 30 13:27:03 ubuntu-2gb-nbg1-3 scionbttracker[17414]: time="2021-03-30T13:27:03+02:00" level=debug msg="url: \"/?compact=1&downloaded=3374333952&info_hash=%7Ck%B1a%8D%F8%7Do%FEZ8%EB7.%7BS%A5%1F%F9%E7&left=926052352&peer_id=-GT0002-p%AB%D8%06rG%97%FB%F2%1E%A9x&port=8082&supportcrypto=1&uploaded=580468736\"; headers: \"http.Header{\"Accept-Encoding\":[]string{\"gzip\"}}\""
Mar 30 13:27:03 ubuntu-2gb-nbg1-3 scionbttracker[17414]: time="2021-03-30T13:27:03+02:00" level=debug msg="received peer event" event= id=3ed3ef4e958d729086739327058468ca6b493acc
Mar 30 13:27:03 ubuntu-2gb-nbg1-3 scionbttracker[17414]: time="2021-03-30T13:27:03+02:00" level=debug msg="active peer" id=3ed3ef4e958d729086739327058468ca6b493acc
Mar 30 13:27:03 ubuntu-2gb-nbg1-3 scionbttracker[17414]: time="2021-03-30T13:27:03+02:00" level=debug msg="active peer" id=ac7fe04484f18b80f3e06b7b151ec14de992995a
Mar 30 13:27:03 ubuntu-2gb-nbg1-3 scionbttracker[17414]: time="2021-03-30T13:27:03+02:00" level=debug msg="active peer" id=12a98600c7fad6c612bc913ff89ff5c8880f25a2
Mar 30 13:27:09 ubuntu-2gb-nbg1-3 scionbttracker[17414]: time="2021-03-30T13:27:09+02:00" level=debug msg="url: \"/?compact=1&downloaded=0&info_hash=%7Ck%B1a%8D%F8%7Do%FEZ8%EB7.%7BS%A5%1F%F9%E7&left=0&peer_id=-GT0002-%9A%B5%87%99%18%7C%0D%B5%23%CAX%ED&port=8082&supportcrypto=1&uploaded=5271105536\"; headers: \"http.Header{\"Accept-Encoding\":[]string{\"gzip\"}}\""
Mar 30 13:27:09 ubuntu-2gb-nbg1-3 scionbttracker[17414]: time="2021-03-30T13:27:09+02:00" level=debug msg="received peer event" event= id=ac7fe04484f18b80f3e06b7b151ec14de992995a
Mar 30 13:27:09 ubuntu-2gb-nbg1-3 scionbttracker[17414]: time="2021-03-30T13:27:09+02:00" level=debug msg="active peer" id=3ed3ef4e958d729086739327058468ca6b493acc
Mar 30 13:27:55 ubuntu-2gb-nbg1-3 scionbttracker[17414]: time="2021-03-30T13:27:55+02:00" level=debug msg="url: \"/?compact=1&downloaded=4302548992&info_hash=%7Ck%B1a%8D%F8%7Do%FEZ8%EB7.%7BS%A5%1F%F9%E7&left=0&peer_id=-GT0002-%F5D%E1%EA%B8%BFm%FD%9E%A6%F1%08&port=8082&supportcrypto=1&uploaded=2214133760\"; headers: \"http.Header{\"Accept-Encoding\":[]string{\"gzip\"}}\""
Mar 30 13:27:55 ubuntu-2gb-nbg1-3 scionbttracker[17414]: time="2021-03-30T13:27:55+02:00" level=debug msg="received peer event" event= id=12a98600c7fad6c612bc913ff89ff5c8880f25a2
Mar 30 13:27:55 ubuntu-2gb-nbg1-3 scionbttracker[17414]: time="2021-03-30T13:27:55+02:00" level=debug msg="active peer" id=3ed3ef4e958d729086739327058468ca6b493acc
Mar 30 13:28:04 ubuntu-2gb-nbg1-3 scionbttracker[17414]: time="2021-03-30T13:28:04+02:00" level=debug msg="url: \"/?compact=1&downloaded=3577921536&info_hash=%7Ck%B1a%8D%F8%7Do%FEZ8%EB7.%7BS%A5%1F%F9%E7&left=722726912&peer_id=-GT0002-p%AB%D8%06rG%97%FB%F2%1E%A9x&port=8082&supportcrypto=1&uploaded=580468736\"; headers: \"http.Header{\"Accept-Encoding\":[]string{\"gzip\"}}\""
Mar 30 13:28:04 ubuntu-2gb-nbg1-3 scionbttracker[17414]: time="2021-03-30T13:28:04+02:00" level=debug msg="received peer event" event= id=3ed3ef4e958d729086739327058468ca6b493acc
Mar 30 13:28:04 ubuntu-2gb-nbg1-3 scionbttracker[17414]: time="2021-03-30T13:28:04+02:00" level=debug msg="active peer" id=3ed3ef4e958d729086739327058468ca6b493acc
Mar 30 13:28:04 ubuntu-2gb-nbg1-3 scionbttracker[17414]: time="2021-03-30T13:28:04+02:00" level=debug msg="active peer" id=ac7fe04484f18b80f3e06b7b151ec14de992995a
Mar 30 13:28:04 ubuntu-2gb-nbg1-3 scionbttracker[17414]: time="2021-03-30T13:28:04+02:00" level=debug msg="active peer" id=12a98600c7fad6c612bc913ff89ff5c8880f25a2
Mar 30 13:28:10 ubuntu-2gb-nbg1-3 scionbttracker[17414]: time="2021-03-30T13:28:10+02:00" level=debug msg="url: \"/?compact=1&downloaded=0&info_hash=%7Ck%B1a%8D%F8%7Do%FEZ8%EB7.%7BS%A5%1F%F9%E7&left=0&peer_id=-GT0002-%9A%B5%87%99%18%7C%0D%B5%23%CAX%ED&port=8082&supportcrypto=1&uploaded=5373915136\"; headers: \"http.Header{\"Accept-Encoding\":[]string{\"gzip\"}}\""
Mar 30 13:28:10 ubuntu-2gb-nbg1-3 scionbttracker[17414]: time="2021-03-30T13:28:10+02:00" level=debug msg="received peer event" event= id=ac7fe04484f18b80f3e06b7b151ec14de992995a
Mar 30 13:28:10 ubuntu-2gb-nbg1-3 scionbttracker[17414]: time="2021-03-30T13:28:10+02:00" level=debug msg="active peer" id=3ed3ef4e958d729086739327058468ca6b493acc
Mar 30 13:28:56 ubuntu-2gb-nbg1-3 scionbttracker[17414]: time="2021-03-30T13:28:56+02:00" level=debug msg="url: \"/?compact=1&downloaded=4302548992&info_hash=%7Ck%B1a%8D%F8%7Do%FEZ8%EB7.%7BS%A5%1F%F9%E7&left=0&peer_id=-GT0002-%F5D%E1%EA%B8%BFm%FD%9E%A6%F1%08&port=8082&supportcrypto=1&uploaded=2322464768\"; headers: \"http.Header{\"Accept-Encoding\":[]string{\"gzip\"}}\""
Mar 30 13:28:56 ubuntu-2gb-nbg1-3 scionbttracker[17414]: time="2021-03-30T13:28:56+02:00" level=debug msg="received peer event" event= id=12a98600c7fad6c612bc913ff89ff5c8880f25a2
Mar 30 13:28:56 ubuntu-2gb-nbg1-3 scionbttracker[17414]: time="2021-03-30T13:28:56+02:00" level=debug msg="active peer" id=3ed3ef4e958d729086739327058468ca6b493acc
Mar 30 13:29:05 ubuntu-2gb-nbg1-3 scionbttracker[17414]: time="2021-03-30T13:29:05+02:00" level=debug msg="url: \"/?compact=1&downloaded=3781279744&info_hash=%7Ck%B1a%8D%F8%7Do%FEZ8%EB7.%7BS%A5%1F%F9%E7&left=520941568&peer_id=-GT0002-p%AB%D8%06rG%97%FB%F2%1E%A9x&port=8082&supportcrypto=1&uploaded=580468736\"; headers: \"http.Header{\"Accept-Encoding\":[]string{\"gzip\"}}\""
Mar 30 13:29:05 ubuntu-2gb-nbg1-3 scionbttracker[17414]: time="2021-03-30T13:29:05+02:00" level=debug msg="received peer event" event= id=3ed3ef4e958d729086739327058468ca6b493acc
Mar 30 13:29:05 ubuntu-2gb-nbg1-3 scionbttracker[17414]: time="2021-03-30T13:29:05+02:00" level=debug msg="active peer" id=3ed3ef4e958d729086739327058468ca6b493acc
Mar 30 13:29:05 ubuntu-2gb-nbg1-3 scionbttracker[17414]: time="2021-03-30T13:29:05+02:00" level=debug msg="active peer" id=ac7fe04484f18b80f3e06b7b151ec14de992995a
Mar 30 13:29:05 ubuntu-2gb-nbg1-3 scionbttracker[17414]: time="2021-03-30T13:29:05+02:00" level=debug msg="active peer" id=12a98600c7fad6c612bc913ff89ff5c8880f25a2
Mar 30 13:29:11 ubuntu-2gb-nbg1-3 scionbttracker[17414]: time="2021-03-30T13:29:11+02:00" level=debug msg="url: \"/?compact=1&downloaded=0&info_hash=%7Ck%B1a%8D%F8%7Do%FEZ8%EB7.%7BS%A5%1F%F9%E7&left=0&peer_id=-GT0002-%9A%B5%87%99%18%7C%0D%B5%23%CAX%ED&port=8082&supportcrypto=1&uploaded=5477117952\"; headers: \"http.Header{\"Accept-Encoding\":[]string{\"gzip\"}}\""
Mar 30 13:29:11 ubuntu-2gb-nbg1-3 scionbttracker[17414]: time="2021-03-30T13:29:11+02:00" level=debug msg="received peer event" event= id=ac7fe04484f18b80f3e06b7b151ec14de992995a
Mar 30 13:29:11 ubuntu-2gb-nbg1-3 scionbttracker[17414]: time="2021-03-30T13:29:11+02:00" level=debug msg="active peer" id=3ed3ef4e958d729086739327058468ca6b493acc
Mar 30 13:29:57 ubuntu-2gb-nbg1-3 scionbttracker[17414]: time="2021-03-30T13:29:57+02:00" level=debug msg="url: \"/?compact=1&downloaded=4302548992&info_hash=%7Ck%B1a%8D%F8%7Do%FEZ8%EB7.%7BS%A5%1F%F9%E7&left=0&peer_id=-GT0002-%F5D%E1%EA%B8%BFm%FD%9E%A6%F1%08&port=8082&supportcrypto=1&uploaded=2426388480\"; headers: \"http.Header{\"Accept-Encoding\":[]string{\"gzip\"}}\""
Mar 30 13:29:57 ubuntu-2gb-nbg1-3 scionbttracker[17414]: time="2021-03-30T13:29:57+02:00" level=debug msg="received peer event" event= id=12a98600c7fad6c612bc913ff89ff5c8880f25a2
Mar 30 13:29:57 ubuntu-2gb-nbg1-3 scionbttracker[17414]: time="2021-03-30T13:29:57+02:00" level=debug msg="active peer" id=3ed3ef4e958d729086739327058468ca6b493acc
Mar 30 13:30:05 ubuntu-2gb-nbg1-3 scionbttracker[17414]: time="2021-03-30T13:30:05+02:00" level=debug msg="url: \"/?compact=1&downloaded=3989569536&info_hash=%7Ck%B1a%8D%F8%7Do%FEZ8%EB7.%7BS%A5%1F%F9%E7&left=311111680&peer_id=-GT0002-p%AB%D8%06rG%97%FB%F2%1E%A9x&port=8082&supportcrypto=1&uploaded=580468736\"; headers: \"http.Header{\"Accept-Encoding\":[]string{\"gzip\"}}\""
Mar 30 13:30:05 ubuntu-2gb-nbg1-3 scionbttracker[17414]: time="2021-03-30T13:30:05+02:00" level=debug msg="received peer event" event= id=3ed3ef4e958d729086739327058468ca6b493acc
Mar 30 13:30:05 ubuntu-2gb-nbg1-3 scionbttracker[17414]: time="2021-03-30T13:30:05+02:00" level=debug msg="active peer" id=3ed3ef4e958d729086739327058468ca6b493acc
Mar 30 13:30:05 ubuntu-2gb-nbg1-3 scionbttracker[17414]: time="2021-03-30T13:30:05+02:00" level=debug msg="active peer" id=ac7fe04484f18b80f3e06b7b151ec14de992995a
Mar 30 13:30:05 ubuntu-2gb-nbg1-3 scionbttracker[17414]: time="2021-03-30T13:30:05+02:00" level=debug msg="active peer" id=12a98600c7fad6c612bc913ff89ff5c8880f25a2
Mar 30 13:30:12 ubuntu-2gb-nbg1-3 scionbttracker[17414]: time="2021-03-30T13:30:12+02:00" level=debug msg="url: \"/?compact=1&downloaded=0&info_hash=%7Ck%B1a%8D%F8%7Do%FEZ8%EB7.%7BS%A5%1F%F9%E7&left=0&peer_id=-GT0002-%9A%B5%87%99%18%7C%0D%B5%23%CAX%ED&port=8082&supportcrypto=1&uploaded=5580140544\"; headers: \"http.Header{\"Accept-Encoding\":[]string{\"gzip\"}}\""
Mar 30 13:30:12 ubuntu-2gb-nbg1-3 scionbttracker[17414]: time="2021-03-30T13:30:12+02:00" level=debug msg="received peer event" event= id=ac7fe04484f18b80f3e06b7b151ec14de992995a
Mar 30 13:30:12 ubuntu-2gb-nbg1-3 scionbttracker[17414]: time="2021-03-30T13:30:12+02:00" level=debug msg="active peer" id=3ed3ef4e958d729086739327058468ca6b493acc
Mar 30 13:30:57 ubuntu-2gb-nbg1-3 scionbttracker[17414]: time="2021-03-30T13:30:57+02:00" level=debug msg="url: \"/?compact=1&downloaded=4302548992&info_hash=%7Ck%B1a%8D%F8%7Do%FEZ8%EB7.%7BS%A5%1F%F9%E7&left=0&peer_id=-GT0002-%F5D%E1%EA%B8%BFm%FD%9E%A6%F1%08&port=8082&supportcrypto=1&uploaded=2536259584\"; headers: \"http.Header{\"Accept-Encoding\":[]string{\"gzip\"}}\""
Mar 30 13:30:57 ubuntu-2gb-nbg1-3 scionbttracker[17414]: time="2021-03-30T13:30:57+02:00" level=debug msg="received peer event" event= id=12a98600c7fad6c612bc913ff89ff5c8880f25a2
Mar 30 13:30:57 ubuntu-2gb-nbg1-3 scionbttracker[17414]: time="2021-03-30T13:30:57+02:00" level=debug msg="active peer" id=3ed3ef4e958d729086739327058468ca6b493acc
Mar 30 13:31:06 ubuntu-2gb-nbg1-3 scionbttracker[17414]: time="2021-03-30T13:31:06+02:00" level=debug msg="url: \"/?compact=1&downloaded=4187963392&info_hash=%7Ck%B1a%8D%F8%7Do%FEZ8%EB7.%7BS%A5%1F%F9%E7&left=112504832&peer_id=-GT0002-p%AB%D8%06rG%97%FB%F2%1E%A9x&port=8082&supportcrypto=1&uploaded=580468736\"; headers: \"http.Header{\"Accept-Encoding\":[]string{\"gzip\"}}\""
Mar 30 13:31:06 ubuntu-2gb-nbg1-3 scionbttracker[17414]: time="2021-03-30T13:31:06+02:00" level=debug msg="received peer event" event= id=3ed3ef4e958d729086739327058468ca6b493acc
Mar 30 13:31:06 ubuntu-2gb-nbg1-3 scionbttracker[17414]: time="2021-03-30T13:31:06+02:00" level=debug msg="active peer" id=12a98600c7fad6c612bc913ff89ff5c8880f25a2
Mar 30 13:31:06 ubuntu-2gb-nbg1-3 scionbttracker[17414]: time="2021-03-30T13:31:06+02:00" level=debug msg="active peer" id=3ed3ef4e958d729086739327058468ca6b493acc
Mar 30 13:31:06 ubuntu-2gb-nbg1-3 scionbttracker[17414]: time="2021-03-30T13:31:06+02:00" level=debug msg="active peer" id=ac7fe04484f18b80f3e06b7b151ec14de992995a
Mar 30 13:31:13 ubuntu-2gb-nbg1-3 scionbttracker[17414]: time="2021-03-30T13:31:13+02:00" level=debug msg="url: \"/?compact=1&downloaded=0&info_hash=%7Ck%B1a%8D%F8%7Do%FEZ8%EB7.%7BS%A5%1F%F9%E7&left=0&peer_id=-GT0002-%9A%B5%87%99%18%7C%0D%B5%23%CAX%ED&port=8082&supportcrypto=1&uploaded=5675069440\"; headers: \"http.Header{\"Accept-Encoding\":[]string{\"gzip\"}}\""
Mar 30 13:31:13 ubuntu-2gb-nbg1-3 scionbttracker[17414]: time="2021-03-30T13:31:13+02:00" level=debug msg="received peer event" event= id=ac7fe04484f18b80f3e06b7b151ec14de992995a
Mar 30 13:31:13 ubuntu-2gb-nbg1-3 scionbttracker[17414]: time="2021-03-30T13:31:13+02:00" level=debug msg="active peer" id=3ed3ef4e958d729086739327058468ca6b493acc
Mar 30 13:31:58 ubuntu-2gb-nbg1-3 scionbttracker[17414]: time="2021-03-30T13:31:58+02:00" level=debug msg="url: \"/?compact=1&downloaded=4302548992&info_hash=%7Ck%B1a%8D%F8%7Do%FEZ8%EB7.%7BS%A5%1F%F9%E7&left=0&peer_id=-GT0002-%F5D%E1%EA%B8%BFm%FD%9E%A6%F1%08&port=8082&supportcrypto=1&uploaded=2617438208\"; headers: \"http.Header{\"Accept-Encoding\":[]string{\"gzip\"}}\""
Mar 30 13:31:58 ubuntu-2gb-nbg1-3 scionbttracker[17414]: time="2021-03-30T13:31:58+02:00" level=debug msg="received peer event" event= id=12a98600c7fad6c612bc913ff89ff5c8880f25a2
Mar 30 13:31:58 ubuntu-2gb-nbg1-3 scionbttracker[17414]: time="2021-03-30T13:31:58+02:00" level=debug msg="active peer" id=3ed3ef4e958d729086739327058468ca6b493acc
Mar 30 13:32:06 ubuntu-2gb-nbg1-3 scionbttracker[17414]: time="2021-03-30T13:32:06+02:00" level=debug msg="url: \"/?compact=1&downloaded=4300763136&info_hash=%7Ck%B1a%8D%F8%7Do%FEZ8%EB7.%7BS%A5%1F%F9%E7&left=0&peer_id=-GT0002-p%AB%D8%06rG%97%FB%F2%1E%A9x&port=8082&supportcrypto=1&uploaded=580468736\"; headers: \"http.Header{\"Accept-Encoding\":[]string{\"gzip\"}}\""
Mar 30 13:32:06 ubuntu-2gb-nbg1-3 scionbttracker[17414]: time="2021-03-30T13:32:06+02:00" level=debug msg="received peer event" event= id=3ed3ef4e958d729086739327058468ca6b493acc
Mar 30 13:32:16 ubuntu-2gb-nbg1-3 scionbttracker[17414]: time="2021-03-30T13:32:16+02:00" level=debug msg="url: \"/?compact=1&downloaded=0&info_hash=%7Ck%B1a%8D%F8%7Do%FEZ8%EB7.%7BS%A5%1F%F9%E7&left=0&peer_id=-GT0002-%9A%B5%87%99%18%7C%0D%B5%23%CAX%ED&port=8082&supportcrypto=1&uploaded=5729005568\"; headers: \"http.Header{\"Accept-Encoding\":[]string{\"gzip\"}}\""
Mar 30 13:32:16 ubuntu-2gb-nbg1-3 scionbttracker[17414]: time="2021-03-30T13:32:16+02:00" level=debug msg="received peer event" event= id=ac7fe04484f18b80f3e06b7b151ec14de992995a
